2025-04-04 13:18:22,395 [1] INFO Microsoft.Hosting.Lifetime - Application started. Press Ctrl+C to shut down.
2025-04-04 13:18:22,422 [1] INFO Microsoft.Hosting.Lifetime - Hosting environment: Development
2025-04-04 13:18:22,430 [1] INFO Microsoft.Hosting.Lifetime - Content root path: D:\Corp\Giosys\Hexaware\17March2025\Participants\Day11\FirstAPISolution\FirstAPI
2025-04-04 13:18:31,811 [.NET TP Worker] INFO Microsoft.EntityFrameworkCore.Database.Command - Executed DbCommand (35ms) [Parameters=[@__id_0='?' (DbType = Int32)], CommandType='Text', CommandTimeout='30']
SELECT TOP(1) [e].[Id], [e].[Age], [e].[Department_Id], [e].[Name], [e].[Phone], [e].[Status]
FROM [Employees] AS [e]
WHERE [e].[Id] = @__id_0
2025-04-07 10:01:03,805 [1] INFO Microsoft.Hosting.Lifetime - Application started. Press Ctrl+C to shut down.
2025-04-07 10:01:03,824 [1] INFO Microsoft.Hosting.Lifetime - Hosting environment: Development
2025-04-07 10:01:03,827 [1] INFO Microsoft.Hosting.Lifetime - Content root path: D:\Corp\Giosys\Hexaware\17March2025\Participants\Day11\FirstAPISolution\FirstAPI
2025-04-07 10:01:18,054 [.NET TP Worker] INFO Microsoft.EntityFrameworkCore.Database.Command - Executed DbCommand (100ms) [Parameters=[@__id_0='?' (DbType = Int32)], CommandType='Text', CommandTimeout='30']
SELECT [t].[Id], [t].[Name], [e].[Id], [e].[Age], [e].[Department_Id], [e].[Name], [e].[Phone], [e].[Status]
FROM (
    SELECT TOP(1) [d].[Id], [d].[Name]
    FROM [Departments] AS [d]
    WHERE [d].[Id] = @__id_0
) AS [t]
LEFT JOIN [Employees] AS [e] ON [t].[Id] = [e].[Department_Id]
ORDER BY [t].[Id]
2025-04-07 10:01:21,128 [.NET TP Worker] INFO Microsoft.EntityFrameworkCore.Database.Command - Executed DbCommand (1ms) [Parameters=[@__id_0='?' (DbType = Int32)], CommandType='Text', CommandTimeout='30']
SELECT [t].[Id], [t].[Name], [e].[Id], [e].[Age], [e].[Department_Id], [e].[Name], [e].[Phone], [e].[Status]
FROM (
    SELECT TOP(1) [d].[Id], [d].[Name]
    FROM [Departments] AS [d]
    WHERE [d].[Id] = @__id_0
) AS [t]
LEFT JOIN [Employees] AS [e] ON [t].[Id] = [e].[Department_Id]
ORDER BY [t].[Id]
2025-04-07 10:01:21,630 [.NET TP Worker] INFO Microsoft.EntityFrameworkCore.Database.Command - Executed DbCommand (1ms) [Parameters=[@__id_0='?' (DbType = Int32)], CommandType='Text', CommandTimeout='30']
SELECT [t].[Id], [t].[Name], [e].[Id], [e].[Age], [e].[Department_Id], [e].[Name], [e].[Phone], [e].[Status]
FROM (
    SELECT TOP(1) [d].[Id], [d].[Name]
    FROM [Departments] AS [d]
    WHERE [d].[Id] = @__id_0
) AS [t]
LEFT JOIN [Employees] AS [e] ON [t].[Id] = [e].[Department_Id]
ORDER BY [t].[Id]
2025-04-07 10:01:22,193 [.NET TP Worker] INFO Microsoft.EntityFrameworkCore.Database.Command - Executed DbCommand (1ms) [Parameters=[@__id_0='?' (DbType = Int32)], CommandType='Text', CommandTimeout='30']
SELECT [t].[Id], [t].[Name], [e].[Id], [e].[Age], [e].[Department_Id], [e].[Name], [e].[Phone], [e].[Status]
FROM (
    SELECT TOP(1) [d].[Id], [d].[Name]
    FROM [Departments] AS [d]
    WHERE [d].[Id] = @__id_0
) AS [t]
LEFT JOIN [Employees] AS [e] ON [t].[Id] = [e].[Department_Id]
ORDER BY [t].[Id]
2025-04-07 10:01:22,586 [.NET TP Worker] INFO Microsoft.EntityFrameworkCore.Database.Command - Executed DbCommand (1ms) [Parameters=[@__id_0='?' (DbType = Int32)], CommandType='Text', CommandTimeout='30']
SELECT [t].[Id], [t].[Name], [e].[Id], [e].[Age], [e].[Department_Id], [e].[Name], [e].[Phone], [e].[Status]
FROM (
    SELECT TOP(1) [d].[Id], [d].[Name]
    FROM [Departments] AS [d]
    WHERE [d].[Id] = @__id_0
) AS [t]
LEFT JOIN [Employees] AS [e] ON [t].[Id] = [e].[Department_Id]
ORDER BY [t].[Id]
2025-04-07 10:01:22,885 [.NET TP Worker] INFO Microsoft.EntityFrameworkCore.Database.Command - Executed DbCommand (1ms) [Parameters=[@__id_0='?' (DbType = Int32)], CommandType='Text', CommandTimeout='30']
SELECT [t].[Id], [t].[Name], [e].[Id], [e].[Age], [e].[Department_Id], [e].[Name], [e].[Phone], [e].[Status]
FROM (
    SELECT TOP(1) [d].[Id], [d].[Name]
    FROM [Departments] AS [d]
    WHERE [d].[Id] = @__id_0
) AS [t]
LEFT JOIN [Employees] AS [e] ON [t].[Id] = [e].[Department_Id]
ORDER BY [t].[Id]
2025-04-07 10:01:23,172 [.NET TP Worker] INFO Microsoft.EntityFrameworkCore.Database.Command - Executed DbCommand (1ms) [Parameters=[@__id_0='?' (DbType = Int32)], CommandType='Text', CommandTimeout='30']
SELECT [t].[Id], [t].[Name], [e].[Id], [e].[Age], [e].[Department_Id], [e].[Name], [e].[Phone], [e].[Status]
FROM (
    SELECT TOP(1) [d].[Id], [d].[Name]
    FROM [Departments] AS [d]
    WHERE [d].[Id] = @__id_0
) AS [t]
LEFT JOIN [Employees] AS [e] ON [t].[Id] = [e].[Department_Id]
ORDER BY [t].[Id]
2025-04-07 10:01:23,684 [.NET TP Worker] INFO Microsoft.EntityFrameworkCore.Database.Command - Executed DbCommand (0ms) [Parameters=[@__id_0='?' (DbType = Int32)], CommandType='Text', CommandTimeout='30']
SELECT [t].[Id], [t].[Name], [e].[Id], [e].[Age], [e].[Department_Id], [e].[Name], [e].[Phone], [e].[Status]
FROM (
    SELECT TOP(1) [d].[Id], [d].[Name]
    FROM [Departments] AS [d]
    WHERE [d].[Id] = @__id_0
) AS [t]
LEFT JOIN [Employees] AS [e] ON [t].[Id] = [e].[Department_Id]
ORDER BY [t].[Id]
2025-04-07 10:01:24,033 [.NET TP Worker] INFO Microsoft.EntityFrameworkCore.Database.Command - Executed DbCommand (1ms) [Parameters=[@__id_0='?' (DbType = Int32)], CommandType='Text', CommandTimeout='30']
SELECT [t].[Id], [t].[Name], [e].[Id], [e].[Age], [e].[Department_Id], [e].[Name], [e].[Phone], [e].[Status]
FROM (
    SELECT TOP(1) [d].[Id], [d].[Name]
    FROM [Departments] AS [d]
    WHERE [d].[Id] = @__id_0
) AS [t]
LEFT JOIN [Employees] AS [e] ON [t].[Id] = [e].[Department_Id]
ORDER BY [t].[Id]
2025-04-07 10:01:24,344 [.NET TP Worker] INFO Microsoft.EntityFrameworkCore.Database.Command - Executed DbCommand (0ms) [Parameters=[@__id_0='?' (DbType = Int32)], CommandType='Text', CommandTimeout='30']
SELECT [t].[Id], [t].[Name], [e].[Id], [e].[Age], [e].[Department_Id], [e].[Name], [e].[Phone], [e].[Status]
FROM (
    SELECT TOP(1) [d].[Id], [d].[Name]
    FROM [Departments] AS [d]
    WHERE [d].[Id] = @__id_0
) AS [t]
LEFT JOIN [Employees] AS [e] ON [t].[Id] = [e].[Department_Id]
ORDER BY [t].[Id]
2025-04-07 10:01:24,622 [.NET TP Worker] INFO Microsoft.EntityFrameworkCore.Database.Command - Executed DbCommand (1ms) [Parameters=[@__id_0='?' (DbType = Int32)], CommandType='Text', CommandTimeout='30']
SELECT [t].[Id], [t].[Name], [e].[Id], [e].[Age], [e].[Department_Id], [e].[Name], [e].[Phone], [e].[Status]
FROM (
    SELECT TOP(1) [d].[Id], [d].[Name]
    FROM [Departments] AS [d]
    WHERE [d].[Id] = @__id_0
) AS [t]
LEFT JOIN [Employees] AS [e] ON [t].[Id] = [e].[Department_Id]
ORDER BY [t].[Id]
2025-04-07 10:01:24,899 [.NET TP Worker] INFO Microsoft.EntityFrameworkCore.Database.Command - Executed DbCommand (1ms) [Parameters=[@__id_0='?' (DbType = Int32)], CommandType='Text', CommandTimeout='30']
SELECT [t].[Id], [t].[Name], [e].[Id], [e].[Age], [e].[Department_Id], [e].[Name], [e].[Phone], [e].[Status]
FROM (
    SELECT TOP(1) [d].[Id], [d].[Name]
    FROM [Departments] AS [d]
    WHERE [d].[Id] = @__id_0
) AS [t]
LEFT JOIN [Employees] AS [e] ON [t].[Id] = [e].[Department_Id]
ORDER BY [t].[Id]
2025-04-07 10:01:25,121 [.NET TP Worker] INFO Microsoft.EntityFrameworkCore.Database.Command - Executed DbCommand (1ms) [Parameters=[@__id_0='?' (DbType = Int32)], CommandType='Text', CommandTimeout='30']
SELECT [t].[Id], [t].[Name], [e].[Id], [e].[Age], [e].[Department_Id], [e].[Name], [e].[Phone], [e].[Status]
FROM (
    SELECT TOP(1) [d].[Id], [d].[Name]
    FROM [Departments] AS [d]
    WHERE [d].[Id] = @__id_0
) AS [t]
LEFT JOIN [Employees] AS [e] ON [t].[Id] = [e].[Department_Id]
ORDER BY [t].[Id]
2025-04-07 10:01:25,340 [.NET TP Worker] INFO Microsoft.EntityFrameworkCore.Database.Command - Executed DbCommand (1ms) [Parameters=[@__id_0='?' (DbType = Int32)], CommandType='Text', CommandTimeout='30']
SELECT [t].[Id], [t].[Name], [e].[Id], [e].[Age], [e].[Department_Id], [e].[Name], [e].[Phone], [e].[Status]
FROM (
    SELECT TOP(1) [d].[Id], [d].[Name]
    FROM [Departments] AS [d]
    WHERE [d].[Id] = @__id_0
) AS [t]
LEFT JOIN [Employees] AS [e] ON [t].[Id] = [e].[Department_Id]
ORDER BY [t].[Id]
2025-04-07 10:01:25,547 [.NET TP Worker] INFO Microsoft.EntityFrameworkCore.Database.Command - Executed DbCommand (1ms) [Parameters=[@__id_0='?' (DbType = Int32)], CommandType='Text', CommandTimeout='30']
SELECT [t].[Id], [t].[Name], [e].[Id], [e].[Age], [e].[Department_Id], [e].[Name], [e].[Phone], [e].[Status]
FROM (
    SELECT TOP(1) [d].[Id], [d].[Name]
    FROM [Departments] AS [d]
    WHERE [d].[Id] = @__id_0
) AS [t]
LEFT JOIN [Employees] AS [e] ON [t].[Id] = [e].[Department_Id]
ORDER BY [t].[Id]
2025-04-07 10:01:25,748 [.NET TP Worker] INFO Microsoft.EntityFrameworkCore.Database.Command - Executed DbCommand (1ms) [Parameters=[@__id_0='?' (DbType = Int32)], CommandType='Text', CommandTimeout='30']
SELECT [t].[Id], [t].[Name], [e].[Id], [e].[Age], [e].[Department_Id], [e].[Name], [e].[Phone], [e].[Status]
FROM (
    SELECT TOP(1) [d].[Id], [d].[Name]
    FROM [Departments] AS [d]
    WHERE [d].[Id] = @__id_0
) AS [t]
LEFT JOIN [Employees] AS [e] ON [t].[Id] = [e].[Department_Id]
ORDER BY [t].[Id]
2025-04-07 10:01:25,992 [.NET TP Worker] INFO Microsoft.EntityFrameworkCore.Database.Command - Executed DbCommand (1ms) [Parameters=[@__id_0='?' (DbType = Int32)], CommandType='Text', CommandTimeout='30']
SELECT [t].[Id], [t].[Name], [e].[Id], [e].[Age], [e].[Department_Id], [e].[Name], [e].[Phone], [e].[Status]
FROM (
    SELECT TOP(1) [d].[Id], [d].[Name]
    FROM [Departments] AS [d]
    WHERE [d].[Id] = @__id_0
) AS [t]
LEFT JOIN [Employees] AS [e] ON [t].[Id] = [e].[Department_Id]
ORDER BY [t].[Id]
2025-04-07 10:01:26,228 [.NET TP Worker] INFO Microsoft.EntityFrameworkCore.Database.Command - Executed DbCommand (0ms) [Parameters=[@__id_0='?' (DbType = Int32)], CommandType='Text', CommandTimeout='30']
SELECT [t].[Id], [t].[Name], [e].[Id], [e].[Age], [e].[Department_Id], [e].[Name], [e].[Phone], [e].[Status]
FROM (
    SELECT TOP(1) [d].[Id], [d].[Name]
    FROM [Departments] AS [d]
    WHERE [d].[Id] = @__id_0
) AS [t]
LEFT JOIN [Employees] AS [e] ON [t].[Id] = [e].[Department_Id]
ORDER BY [t].[Id]
2025-04-07 10:01:26,439 [.NET TP Worker] INFO Microsoft.EntityFrameworkCore.Database.Command - Executed DbCommand (1ms) [Parameters=[@__id_0='?' (DbType = Int32)], CommandType='Text', CommandTimeout='30']
SELECT [t].[Id], [t].[Name], [e].[Id], [e].[Age], [e].[Department_Id], [e].[Name], [e].[Phone], [e].[Status]
FROM (
    SELECT TOP(1) [d].[Id], [d].[Name]
    FROM [Departments] AS [d]
    WHERE [d].[Id] = @__id_0
) AS [t]
LEFT JOIN [Employees] AS [e] ON [t].[Id] = [e].[Department_Id]
ORDER BY [t].[Id]
2025-04-07 10:01:32,520 [.NET TP Worker] INFO Microsoft.EntityFrameworkCore.Database.Command - Executed DbCommand (1ms) [Parameters=[@__id_0='?' (DbType = Int32)], CommandType='Text', CommandTimeout='30']
SELECT [t].[Id], [t].[Name], [e].[Id], [e].[Age], [e].[Department_Id], [e].[Name], [e].[Phone], [e].[Status]
FROM (
    SELECT TOP(1) [d].[Id], [d].[Name]
    FROM [Departments] AS [d]
    WHERE [d].[Id] = @__id_0
) AS [t]
LEFT JOIN [Employees] AS [e] ON [t].[Id] = [e].[Department_Id]
ORDER BY [t].[Id]
2025-04-07 10:01:32,699 [.NET TP Worker] INFO Microsoft.EntityFrameworkCore.Database.Command - Executed DbCommand (1ms) [Parameters=[@__id_0='?' (DbType = Int32)], CommandType='Text', CommandTimeout='30']
SELECT [t].[Id], [t].[Name], [e].[Id], [e].[Age], [e].[Department_Id], [e].[Name], [e].[Phone], [e].[Status]
FROM (
    SELECT TOP(1) [d].[Id], [d].[Name]
    FROM [Departments] AS [d]
    WHERE [d].[Id] = @__id_0
) AS [t]
LEFT JOIN [Employees] AS [e] ON [t].[Id] = [e].[Department_Id]
ORDER BY [t].[Id]
2025-04-07 10:01:32,888 [.NET TP Worker] INFO Microsoft.EntityFrameworkCore.Database.Command - Executed DbCommand (1ms) [Parameters=[@__id_0='?' (DbType = Int32)], CommandType='Text', CommandTimeout='30']
SELECT [t].[Id], [t].[Name], [e].[Id], [e].[Age], [e].[Department_Id], [e].[Name], [e].[Phone], [e].[Status]
FROM (
    SELECT TOP(1) [d].[Id], [d].[Name]
    FROM [Departments] AS [d]
    WHERE [d].[Id] = @__id_0
) AS [t]
LEFT JOIN [Employees] AS [e] ON [t].[Id] = [e].[Department_Id]
ORDER BY [t].[Id]
2025-04-07 10:01:33,071 [.NET TP Worker] INFO Microsoft.EntityFrameworkCore.Database.Command - Executed DbCommand (1ms) [Parameters=[@__id_0='?' (DbType = Int32)], CommandType='Text', CommandTimeout='30']
SELECT [t].[Id], [t].[Name], [e].[Id], [e].[Age], [e].[Department_Id], [e].[Name], [e].[Phone], [e].[Status]
FROM (
    SELECT TOP(1) [d].[Id], [d].[Name]
    FROM [Departments] AS [d]
    WHERE [d].[Id] = @__id_0
) AS [t]
LEFT JOIN [Employees] AS [e] ON [t].[Id] = [e].[Department_Id]
ORDER BY [t].[Id]
2025-04-07 10:01:33,240 [.NET TP Worker] INFO Microsoft.EntityFrameworkCore.Database.Command - Executed DbCommand (1ms) [Parameters=[@__id_0='?' (DbType = Int32)], CommandType='Text', CommandTimeout='30']
SELECT [t].[Id], [t].[Name], [e].[Id], [e].[Age], [e].[Department_Id], [e].[Name], [e].[Phone], [e].[Status]
FROM (
    SELECT TOP(1) [d].[Id], [d].[Name]
    FROM [Departments] AS [d]
    WHERE [d].[Id] = @__id_0
) AS [t]
LEFT JOIN [Employees] AS [e] ON [t].[Id] = [e].[Department_Id]
ORDER BY [t].[Id]
2025-04-07 10:01:33,412 [.NET TP Worker] INFO Microsoft.EntityFrameworkCore.Database.Command - Executed DbCommand (1ms) [Parameters=[@__id_0='?' (DbType = Int32)], CommandType='Text', CommandTimeout='30']
SELECT [t].[Id], [t].[Name], [e].[Id], [e].[Age], [e].[Department_Id], [e].[Name], [e].[Phone], [e].[Status]
FROM (
    SELECT TOP(1) [d].[Id], [d].[Name]
    FROM [Departments] AS [d]
    WHERE [d].[Id] = @__id_0
) AS [t]
LEFT JOIN [Employees] AS [e] ON [t].[Id] = [e].[Department_Id]
ORDER BY [t].[Id]
2025-04-07 10:01:33,590 [.NET TP Worker] INFO Microsoft.EntityFrameworkCore.Database.Command - Executed DbCommand (1ms) [Parameters=[@__id_0='?' (DbType = Int32)], CommandType='Text', CommandTimeout='30']
SELECT [t].[Id], [t].[Name], [e].[Id], [e].[Age], [e].[Department_Id], [e].[Name], [e].[Phone], [e].[Status]
FROM (
    SELECT TOP(1) [d].[Id], [d].[Name]
    FROM [Departments] AS [d]
    WHERE [d].[Id] = @__id_0
) AS [t]
LEFT JOIN [Employees] AS [e] ON [t].[Id] = [e].[Department_Id]
ORDER BY [t].[Id]
2025-04-07 10:01:33,758 [.NET TP Worker] INFO Microsoft.EntityFrameworkCore.Database.Command - Executed DbCommand (0ms) [Parameters=[@__id_0='?' (DbType = Int32)], CommandType='Text', CommandTimeout='30']
SELECT [t].[Id], [t].[Name], [e].[Id], [e].[Age], [e].[Department_Id], [e].[Name], [e].[Phone], [e].[Status]
FROM (
    SELECT TOP(1) [d].[Id], [d].[Name]
    FROM [Departments] AS [d]
    WHERE [d].[Id] = @__id_0
) AS [t]
LEFT JOIN [Employees] AS [e] ON [t].[Id] = [e].[Department_Id]
ORDER BY [t].[Id]
2025-04-07 10:01:33,977 [.NET TP Worker] INFO Microsoft.EntityFrameworkCore.Database.Command - Executed DbCommand (0ms) [Parameters=[@__id_0='?' (DbType = Int32)], CommandType='Text', CommandTimeout='30']
SELECT [t].[Id], [t].[Name], [e].[Id], [e].[Age], [e].[Department_Id], [e].[Name], [e].[Phone], [e].[Status]
FROM (
    SELECT TOP(1) [d].[Id], [d].[Name]
    FROM [Departments] AS [d]
    WHERE [d].[Id] = @__id_0
) AS [t]
LEFT JOIN [Employees] AS [e] ON [t].[Id] = [e].[Department_Id]
ORDER BY [t].[Id]
2025-04-07 10:01:34,159 [.NET TP Worker] INFO Microsoft.EntityFrameworkCore.Database.Command - Executed DbCommand (1ms) [Parameters=[@__id_0='?' (DbType = Int32)], CommandType='Text', CommandTimeout='30']
SELECT [t].[Id], [t].[Name], [e].[Id], [e].[Age], [e].[Department_Id], [e].[Name], [e].[Phone], [e].[Status]
FROM (
    SELECT TOP(1) [d].[Id], [d].[Name]
    FROM [Departments] AS [d]
    WHERE [d].[Id] = @__id_0
) AS [t]
LEFT JOIN [Employees] AS [e] ON [t].[Id] = [e].[Department_Id]
ORDER BY [t].[Id]
2025-04-07 10:02:22,345 [1] INFO Microsoft.Hosting.Lifetime - Application started. Press Ctrl+C to shut down.
2025-04-07 10:02:22,373 [1] INFO Microsoft.Hosting.Lifetime - Hosting environment: Development
2025-04-07 10:02:22,375 [1] INFO Microsoft.Hosting.Lifetime - Content root path: D:\Corp\Giosys\Hexaware\17March2025\Participants\Day11\FirstAPISolution\FirstAPI
2025-04-07 10:02:31,923 [.NET TP Worker] INFO Microsoft.EntityFrameworkCore.Database.Command - Executed DbCommand (96ms) [Parameters=[@__id_0='?' (DbType = Int32)], CommandType='Text', CommandTimeout='30']
SELECT [t].[Id], [t].[Name], [e].[Id], [e].[Age], [e].[Department_Id], [e].[Name], [e].[Phone], [e].[Status]
FROM (
    SELECT TOP(1) [d].[Id], [d].[Name]
    FROM [Departments] AS [d]
    WHERE [d].[Id] = @__id_0
) AS [t]
LEFT JOIN [Employees] AS [e] ON [t].[Id] = [e].[Department_Id]
ORDER BY [t].[Id]
2025-04-07 10:02:33,766 [.NET TP Worker] INFO Microsoft.EntityFrameworkCore.Database.Command - Executed DbCommand (2ms) [Parameters=[@__id_0='?' (DbType = Int32)], CommandType='Text', CommandTimeout='30']
SELECT [t].[Id], [t].[Name], [e].[Id], [e].[Age], [e].[Department_Id], [e].[Name], [e].[Phone], [e].[Status]
FROM (
    SELECT TOP(1) [d].[Id], [d].[Name]
    FROM [Departments] AS [d]
    WHERE [d].[Id] = @__id_0
) AS [t]
LEFT JOIN [Employees] AS [e] ON [t].[Id] = [e].[Department_Id]
ORDER BY [t].[Id]
2025-04-07 10:02:34,034 [.NET TP Worker] INFO Microsoft.EntityFrameworkCore.Database.Command - Executed DbCommand (1ms) [Parameters=[@__id_0='?' (DbType = Int32)], CommandType='Text', CommandTimeout='30']
SELECT [t].[Id], [t].[Name], [e].[Id], [e].[Age], [e].[Department_Id], [e].[Name], [e].[Phone], [e].[Status]
FROM (
    SELECT TOP(1) [d].[Id], [d].[Name]
    FROM [Departments] AS [d]
    WHERE [d].[Id] = @__id_0
) AS [t]
LEFT JOIN [Employees] AS [e] ON [t].[Id] = [e].[Department_Id]
ORDER BY [t].[Id]
2025-04-07 10:02:34,191 [.NET TP Worker] INFO Microsoft.EntityFrameworkCore.Database.Command - Executed DbCommand (1ms) [Parameters=[@__id_0='?' (DbType = Int32)], CommandType='Text', CommandTimeout='30']
SELECT [t].[Id], [t].[Name], [e].[Id], [e].[Age], [e].[Department_Id], [e].[Name], [e].[Phone], [e].[Status]
FROM (
    SELECT TOP(1) [d].[Id], [d].[Name]
    FROM [Departments] AS [d]
    WHERE [d].[Id] = @__id_0
) AS [t]
LEFT JOIN [Employees] AS [e] ON [t].[Id] = [e].[Department_Id]
ORDER BY [t].[Id]
2025-04-07 10:02:34,433 [.NET TP Worker] INFO Microsoft.EntityFrameworkCore.Database.Command - Executed DbCommand (1ms) [Parameters=[@__id_0='?' (DbType = Int32)], CommandType='Text', CommandTimeout='30']
SELECT [t].[Id], [t].[Name], [e].[Id], [e].[Age], [e].[Department_Id], [e].[Name], [e].[Phone], [e].[Status]
FROM (
    SELECT TOP(1) [d].[Id], [d].[Name]
    FROM [Departments] AS [d]
    WHERE [d].[Id] = @__id_0
) AS [t]
LEFT JOIN [Employees] AS [e] ON [t].[Id] = [e].[Department_Id]
ORDER BY [t].[Id]
2025-04-07 10:02:34,693 [.NET TP Worker] INFO AspNetCoreRateLimit.IpRateLimitMiddleware - Request get:/api/employee from IP ::1 has been blocked, quota 5/1m exceeded by 1. Blocked by rule *, TraceIdentifier 4000002e-0004-fb00-b63f-84710c7967bb. MonitorMode: False
2025-04-07 10:02:34,901 [.NET TP Worker] INFO AspNetCoreRateLimit.IpRateLimitMiddleware - Request get:/api/employee from IP ::1 has been blocked, quota 5/1m exceeded by 2. Blocked by rule *, TraceIdentifier 4000002f-0004-fb00-b63f-84710c7967bb. MonitorMode: False
2025-04-07 10:02:35,110 [.NET TP Worker] INFO AspNetCoreRateLimit.IpRateLimitMiddleware - Request get:/api/employee from IP ::1 has been blocked, quota 5/1m exceeded by 3. Blocked by rule *, TraceIdentifier 40000030-0004-fb00-b63f-84710c7967bb. MonitorMode: False
2025-04-07 10:03:24,096 [.NET TP Worker] INFO AspNetCoreRateLimit.IpRateLimitMiddleware - Request get:/api/employee from IP ::1 has been blocked, quota 5/1m exceeded by 4. Blocked by rule *, TraceIdentifier 40000031-0004-fb00-b63f-84710c7967bb. MonitorMode: False
2025-04-07 10:03:29,324 [.NET TP Worker] INFO Microsoft.EntityFrameworkCore.Database.Command - Executed DbCommand (4ms) [Parameters=[@__id_0='?' (DbType = Int32)], CommandType='Text', CommandTimeout='30']
SELECT [t].[Id], [t].[Name], [e].[Id], [e].[Age], [e].[Department_Id], [e].[Name], [e].[Phone], [e].[Status]
FROM (
    SELECT TOP(1) [d].[Id], [d].[Name]
    FROM [Departments] AS [d]
    WHERE [d].[Id] = @__id_0
) AS [t]
LEFT JOIN [Employees] AS [e] ON [t].[Id] = [e].[Department_Id]
ORDER BY [t].[Id]
2025-04-15 16:37:49,348 [1] INFO Microsoft.Hosting.Lifetime - Application started. Press Ctrl+C to shut down.
2025-04-15 16:37:49,385 [1] INFO Microsoft.Hosting.Lifetime - Hosting environment: Development
2025-04-15 16:37:49,387 [1] INFO Microsoft.Hosting.Lifetime - Content root path: D:\Corp\Giosys\Hexaware\17March2025\Participants\Day11\FirstAPISolution\FirstAPI
2025-04-15 16:38:04,968 [.NET TP Worker] INFO Microsoft.EntityFrameworkCore.Database.Command - Executed DbCommand (74ms) [Parameters=[], CommandType='Text', CommandTimeout='30']
SELECT [s].[Id], [s].[Allowance], [s].[Basic], [s].[DA], [s].[HRA], [s].[PF], [s].[Status]
FROM [Salaries] AS [s]
2025-04-15 16:47:14,795 [.NET TP Worker] INFO Microsoft.EntityFrameworkCore.Database.Command - Executed DbCommand (8ms) [Parameters=[], CommandType='Text', CommandTimeout='30']
SELECT [s].[Id], [s].[Allowance], [s].[Basic], [s].[DA], [s].[HRA], [s].[PF], [s].[Status]
FROM [Salaries] AS [s]
2025-04-15 16:47:14,914 [.NET TP Worker] INFO Microsoft.EntityFrameworkCore.Database.Command - Executed DbCommand (7ms) [Parameters=[], CommandType='Text', CommandTimeout='30']
SELECT [s].[Id], [s].[Allowance], [s].[Basic], [s].[DA], [s].[HRA], [s].[PF], [s].[Status]
FROM [Salaries] AS [s]
2025-04-15 16:48:37,013 [1] INFO Microsoft.Hosting.Lifetime - Application started. Press Ctrl+C to shut down.
2025-04-15 16:48:37,046 [1] INFO Microsoft.Hosting.Lifetime - Hosting environment: Development
2025-04-15 16:48:37,050 [1] INFO Microsoft.Hosting.Lifetime - Content root path: D:\Corp\Giosys\Hexaware\17March2025\Participants\Day11\FirstAPISolution\FirstAPI
2025-04-15 16:48:40,528 [.NET TP Worker] ERROR Microsoft.AspNetCore.Diagnostics.DeveloperExceptionPageMiddleware - An unhandled exception has occurred while executing the request.
System.InvalidOperationException: Endpoint FirstAPI.Controllers.SalaryController.GetAllSalaries (FirstAPI) contains CORS metadata, but a middleware was not found that supports CORS.
Configure your application startup by adding app.UseCors() in the application startup code. If there are calls to app.UseRouting() and app.UseEndpoints(...), the call to app.UseCors() must go between them.
   at Microsoft.AspNetCore.Routing.EndpointMiddleware.ThrowMissingCorsMiddlewareException(Endpoint endpoint)
   at Microsoft.AspNetCore.Routing.EndpointMiddleware.Invoke(HttpContext httpContext)
   at AspNetCoreRateLimit.RateLimitMiddleware`1.Invoke(HttpContext context) in C:\Users\User\Documents\Github\AspNetCoreRateLimit\src\AspNetCoreRateLimit\Middleware\RateLimitMiddleware.cs:line 124
   at Microsoft.AspNetCore.Authorization.AuthorizationMiddleware.Invoke(HttpContext context)
   at Microsoft.AspNetCore.Authentication.AuthenticationMiddleware.Invoke(HttpContext context)
   at Swashbuckle.AspNetCore.SwaggerUI.SwaggerUIMiddleware.Invoke(HttpContext httpContext)
   at Swashbuckle.AspNetCore.Swagger.SwaggerMiddleware.Invoke(HttpContext httpContext, ISwaggerProvider swaggerProvider)
   at Microsoft.AspNetCore.Diagnostics.DeveloperExceptionPageMiddlewareImpl.Invoke(HttpContext context)
2025-04-15 16:48:40,565 [.NET TP Worker] ERROR Microsoft.AspNetCore.Diagnostics.DeveloperExceptionPageMiddleware - An unhandled exception has occurred while executing the request.
System.InvalidOperationException: Endpoint FirstAPI.Controllers.SalaryController.GetAllSalaries (FirstAPI) contains CORS metadata, but a middleware was not found that supports CORS.
Configure your application startup by adding app.UseCors() in the application startup code. If there are calls to app.UseRouting() and app.UseEndpoints(...), the call to app.UseCors() must go between them.
   at Microsoft.AspNetCore.Routing.EndpointMiddleware.ThrowMissingCorsMiddlewareException(Endpoint endpoint)
   at Microsoft.AspNetCore.Routing.EndpointMiddleware.Invoke(HttpContext httpContext)
   at AspNetCoreRateLimit.RateLimitMiddleware`1.Invoke(HttpContext context) in C:\Users\User\Documents\Github\AspNetCoreRateLimit\src\AspNetCoreRateLimit\Middleware\RateLimitMiddleware.cs:line 124
   at Microsoft.AspNetCore.Authorization.AuthorizationMiddleware.Invoke(HttpContext context)
   at Microsoft.AspNetCore.Authentication.AuthenticationMiddleware.Invoke(HttpContext context)
   at Swashbuckle.AspNetCore.SwaggerUI.SwaggerUIMiddleware.Invoke(HttpContext httpContext)
   at Swashbuckle.AspNetCore.Swagger.SwaggerMiddleware.Invoke(HttpContext httpContext, ISwaggerProvider swaggerProvider)
   at Microsoft.AspNetCore.Diagnostics.DeveloperExceptionPageMiddlewareImpl.Invoke(HttpContext context)
2025-04-15 16:48:43,367 [.NET TP Worker] ERROR Microsoft.AspNetCore.Diagnostics.DeveloperExceptionPageMiddleware - An unhandled exception has occurred while executing the request.
System.InvalidOperationException: Endpoint FirstAPI.Controllers.SalaryController.GetAllSalaries (FirstAPI) contains CORS metadata, but a middleware was not found that supports CORS.
Configure your application startup by adding app.UseCors() in the application startup code. If there are calls to app.UseRouting() and app.UseEndpoints(...), the call to app.UseCors() must go between them.
   at Microsoft.AspNetCore.Routing.EndpointMiddleware.ThrowMissingCorsMiddlewareException(Endpoint endpoint)
   at Microsoft.AspNetCore.Routing.EndpointMiddleware.Invoke(HttpContext httpContext)
   at AspNetCoreRateLimit.RateLimitMiddleware`1.Invoke(HttpContext context) in C:\Users\User\Documents\Github\AspNetCoreRateLimit\src\AspNetCoreRateLimit\Middleware\RateLimitMiddleware.cs:line 124
   at Microsoft.AspNetCore.Authorization.AuthorizationMiddleware.Invoke(HttpContext context)
   at Microsoft.AspNetCore.Authentication.AuthenticationMiddleware.Invoke(HttpContext context)
   at Swashbuckle.AspNetCore.SwaggerUI.SwaggerUIMiddleware.Invoke(HttpContext httpContext)
   at Swashbuckle.AspNetCore.Swagger.SwaggerMiddleware.Invoke(HttpContext httpContext, ISwaggerProvider swaggerProvider)
   at Microsoft.AspNetCore.Diagnostics.DeveloperExceptionPageMiddlewareImpl.Invoke(HttpContext context)
2025-04-15 16:48:43,392 [.NET TP Worker] ERROR Microsoft.AspNetCore.Diagnostics.DeveloperExceptionPageMiddleware - An unhandled exception has occurred while executing the request.
System.InvalidOperationException: Endpoint FirstAPI.Controllers.SalaryController.GetAllSalaries (FirstAPI) contains CORS metadata, but a middleware was not found that supports CORS.
Configure your application startup by adding app.UseCors() in the application startup code. If there are calls to app.UseRouting() and app.UseEndpoints(...), the call to app.UseCors() must go between them.
   at Microsoft.AspNetCore.Routing.EndpointMiddleware.ThrowMissingCorsMiddlewareException(Endpoint endpoint)
   at Microsoft.AspNetCore.Routing.EndpointMiddleware.Invoke(HttpContext httpContext)
   at AspNetCoreRateLimit.RateLimitMiddleware`1.Invoke(HttpContext context) in C:\Users\User\Documents\Github\AspNetCoreRateLimit\src\AspNetCoreRateLimit\Middleware\RateLimitMiddleware.cs:line 124
   at Microsoft.AspNetCore.Authorization.AuthorizationMiddleware.Invoke(HttpContext context)
   at Microsoft.AspNetCore.Authentication.AuthenticationMiddleware.Invoke(HttpContext context)
   at Swashbuckle.AspNetCore.SwaggerUI.SwaggerUIMiddleware.Invoke(HttpContext httpContext)
   at Swashbuckle.AspNetCore.Swagger.SwaggerMiddleware.Invoke(HttpContext httpContext, ISwaggerProvider swaggerProvider)
   at Microsoft.AspNetCore.Diagnostics.DeveloperExceptionPageMiddlewareImpl.Invoke(HttpContext context)
2025-04-15 16:50:04,085 [1] INFO Microsoft.Hosting.Lifetime - Application started. Press Ctrl+C to shut down.
2025-04-15 16:50:04,120 [1] INFO Microsoft.Hosting.Lifetime - Hosting environment: Development
2025-04-15 16:50:04,123 [1] INFO Microsoft.Hosting.Lifetime - Content root path: D:\Corp\Giosys\Hexaware\17March2025\Participants\Day11\FirstAPISolution\FirstAPI
2025-04-15 16:50:10,382 [.NET TP Worker] ERROR Microsoft.AspNetCore.Diagnostics.DeveloperExceptionPageMiddleware - An unhandled exception has occurred while executing the request.
System.InvalidOperationException: Endpoint FirstAPI.Controllers.SalaryController.GetAllSalaries (FirstAPI) contains CORS metadata, but a middleware was not found that supports CORS.
Configure your application startup by adding app.UseCors() in the application startup code. If there are calls to app.UseRouting() and app.UseEndpoints(...), the call to app.UseCors() must go between them.
   at Microsoft.AspNetCore.Routing.EndpointMiddleware.ThrowMissingCorsMiddlewareException(Endpoint endpoint)
   at Microsoft.AspNetCore.Routing.EndpointMiddleware.Invoke(HttpContext httpContext)
   at AspNetCoreRateLimit.RateLimitMiddleware`1.Invoke(HttpContext context) in C:\Users\User\Documents\Github\AspNetCoreRateLimit\src\AspNetCoreRateLimit\Middleware\RateLimitMiddleware.cs:line 124
   at Microsoft.AspNetCore.Authorization.AuthorizationMiddleware.Invoke(HttpContext context)
   at Microsoft.AspNetCore.Authentication.AuthenticationMiddleware.Invoke(HttpContext context)
   at Swashbuckle.AspNetCore.SwaggerUI.SwaggerUIMiddleware.Invoke(HttpContext httpContext)
   at Swashbuckle.AspNetCore.Swagger.SwaggerMiddleware.Invoke(HttpContext httpContext, ISwaggerProvider swaggerProvider)
   at Microsoft.AspNetCore.Diagnostics.DeveloperExceptionPageMiddlewareImpl.Invoke(HttpContext context)
2025-04-15 16:50:10,412 [.NET TP Worker] ERROR Microsoft.AspNetCore.Diagnostics.DeveloperExceptionPageMiddleware - An unhandled exception has occurred while executing the request.
System.InvalidOperationException: Endpoint FirstAPI.Controllers.SalaryController.GetAllSalaries (FirstAPI) contains CORS metadata, but a middleware was not found that supports CORS.
Configure your application startup by adding app.UseCors() in the application startup code. If there are calls to app.UseRouting() and app.UseEndpoints(...), the call to app.UseCors() must go between them.
   at Microsoft.AspNetCore.Routing.EndpointMiddleware.ThrowMissingCorsMiddlewareException(Endpoint endpoint)
   at Microsoft.AspNetCore.Routing.EndpointMiddleware.Invoke(HttpContext httpContext)
   at AspNetCoreRateLimit.RateLimitMiddleware`1.Invoke(HttpContext context) in C:\Users\User\Documents\Github\AspNetCoreRateLimit\src\AspNetCoreRateLimit\Middleware\RateLimitMiddleware.cs:line 124
   at Microsoft.AspNetCore.Authorization.AuthorizationMiddleware.Invoke(HttpContext context)
   at Microsoft.AspNetCore.Authentication.AuthenticationMiddleware.Invoke(HttpContext context)
   at Swashbuckle.AspNetCore.SwaggerUI.SwaggerUIMiddleware.Invoke(HttpContext httpContext)
   at Swashbuckle.AspNetCore.Swagger.SwaggerMiddleware.Invoke(HttpContext httpContext, ISwaggerProvider swaggerProvider)
   at Microsoft.AspNetCore.Diagnostics.DeveloperExceptionPageMiddlewareImpl.Invoke(HttpContext context)
2025-04-15 16:50:53,328 [1] INFO Microsoft.Hosting.Lifetime - Application started. Press Ctrl+C to shut down.
2025-04-15 16:50:53,355 [1] INFO Microsoft.Hosting.Lifetime - Hosting environment: Development
2025-04-15 16:50:53,358 [1] INFO Microsoft.Hosting.Lifetime - Content root path: D:\Corp\Giosys\Hexaware\17March2025\Participants\Day11\FirstAPISolution\FirstAPI
2025-04-15 16:51:06,556 [.NET TP Worker] INFO Microsoft.EntityFrameworkCore.Database.Command - Executed DbCommand (234ms) [Parameters=[], CommandType='Text', CommandTimeout='30']
SELECT [s].[Id], [s].[Allowance], [s].[Basic], [s].[DA], [s].[HRA], [s].[PF], [s].[Status]
FROM [Salaries] AS [s]
2025-04-15 16:51:06,800 [.NET TP Worker] INFO Microsoft.EntityFrameworkCore.Database.Command - Executed DbCommand (6ms) [Parameters=[], CommandType='Text', CommandTimeout='30']
SELECT [s].[Id], [s].[Allowance], [s].[Basic], [s].[DA], [s].[HRA], [s].[PF], [s].[Status]
FROM [Salaries] AS [s]
2025-04-15 16:51:26,901 [.NET TP Worker] INFO Microsoft.EntityFrameworkCore.Database.Command - Executed DbCommand (6ms) [Parameters=[], CommandType='Text', CommandTimeout='30']
SELECT [s].[Id], [s].[Allowance], [s].[Basic], [s].[DA], [s].[HRA], [s].[PF], [s].[Status]
FROM [Salaries] AS [s]
2025-04-15 16:51:26,924 [.NET TP Worker] INFO Microsoft.EntityFrameworkCore.Database.Command - Executed DbCommand (4ms) [Parameters=[], CommandType='Text', CommandTimeout='30']
SELECT [s].[Id], [s].[Allowance], [s].[Basic], [s].[DA], [s].[HRA], [s].[PF], [s].[Status]
FROM [Salaries] AS [s]
2025-04-15 16:51:59,282 [.NET TP Worker] INFO Microsoft.EntityFrameworkCore.Database.Command - Executed DbCommand (8ms) [Parameters=[], CommandType='Text', CommandTimeout='30']
SELECT [s].[Id], [s].[Allowance], [s].[Basic], [s].[DA], [s].[HRA], [s].[PF], [s].[Status]
FROM [Salaries] AS [s]
2025-04-15 16:51:59,300 [.NET TP Worker] INFO AspNetCoreRateLimit.IpRateLimitMiddleware - Request get:/api/salary from IP ::1 has been blocked, quota 5/1m exceeded by 1. Blocked by rule *, TraceIdentifier 4000000f-0003-ff00-b63f-84710c7967bb. MonitorMode: False
2025-04-15 16:52:02,263 [.NET TP Worker] INFO Microsoft.EntityFrameworkCore.Database.Command - Executed DbCommand (6ms) [Parameters=[], CommandType='Text', CommandTimeout='30']
SELECT [s].[Id], [s].[Allowance], [s].[Basic], [s].[DA], [s].[HRA], [s].[PF], [s].[Status]
FROM [Salaries] AS [s]
2025-04-15 16:52:02,275 [.NET TP Worker] INFO Microsoft.EntityFrameworkCore.Database.Command - Executed DbCommand (4ms) [Parameters=[], CommandType='Text', CommandTimeout='30']
SELECT [s].[Id], [s].[Allowance], [s].[Basic], [s].[DA], [s].[HRA], [s].[PF], [s].[Status]
FROM [Salaries] AS [s]
2025-04-15 16:53:05,647 [.NET TP Worker] INFO Microsoft.EntityFrameworkCore.Database.Command - Executed DbCommand (5ms) [Parameters=[], CommandType='Text', CommandTimeout='30']
SELECT [s].[Id], [s].[Allowance], [s].[Basic], [s].[DA], [s].[HRA], [s].[PF], [s].[Status]
FROM [Salaries] AS [s]
2025-04-15 16:54:34,390 [.NET TP Worker] INFO Microsoft.EntityFrameworkCore.Database.Command - Executed DbCommand (12ms) [Parameters=[], CommandType='Text', CommandTimeout='30']
SELECT [s].[Id], [s].[Allowance], [s].[Basic], [s].[DA], [s].[HRA], [s].[PF], [s].[Status]
FROM [Salaries] AS [s]
2025-04-15 16:54:34,406 [.NET TP Worker] INFO Microsoft.EntityFrameworkCore.Database.Command - Executed DbCommand (5ms) [Parameters=[], CommandType='Text', CommandTimeout='30']
SELECT [s].[Id], [s].[Allowance], [s].[Basic], [s].[DA], [s].[HRA], [s].[PF], [s].[Status]
FROM [Salaries] AS [s]
2025-04-15 16:55:07,874 [.NET TP Worker] INFO Microsoft.EntityFrameworkCore.Database.Command - Executed DbCommand (5ms) [Parameters=[], CommandType='Text', CommandTimeout='30']
SELECT [s].[Id], [s].[Allowance], [s].[Basic], [s].[DA], [s].[HRA], [s].[PF], [s].[Status]
FROM [Salaries] AS [s]
2025-04-15 16:55:07,894 [.NET TP Worker] INFO Microsoft.EntityFrameworkCore.Database.Command - Executed DbCommand (4ms) [Parameters=[], CommandType='Text', CommandTimeout='30']
SELECT [s].[Id], [s].[Allowance], [s].[Basic], [s].[DA], [s].[HRA], [s].[PF], [s].[Status]
FROM [Salaries] AS [s]
2025-04-16 09:06:13,802 [.NET TP Worker] INFO Microsoft.EntityFrameworkCore.Database.Command - Executed DbCommand (45ms) [Parameters=[], CommandType='Text', CommandTimeout='30']
SELECT [s].[Id], [s].[Allowance], [s].[Basic], [s].[DA], [s].[HRA], [s].[PF], [s].[Status]
FROM [Salaries] AS [s]
2025-04-16 09:06:13,843 [.NET TP Worker] INFO Microsoft.EntityFrameworkCore.Database.Command - Executed DbCommand (7ms) [Parameters=[], CommandType='Text', CommandTimeout='30']
SELECT [s].[Id], [s].[Allowance], [s].[Basic], [s].[DA], [s].[HRA], [s].[PF], [s].[Status]
FROM [Salaries] AS [s]
2025-04-16 11:32:11,358 [.NET TP Worker] INFO Microsoft.EntityFrameworkCore.Database.Command - Executed DbCommand (56ms) [Parameters=[@__id_0='?' (Size = 450)], CommandType='Text', CommandTimeout='30']
SELECT TOP(2) [u].[Username], [u].[HashKey], [u].[Password]
FROM [Users] AS [u]
WHERE [u].[Username] = @__id_0
2025-04-16 11:39:15,837 [.NET TP Worker] INFO Microsoft.EntityFrameworkCore.Database.Command - Executed DbCommand (7ms) [Parameters=[@__id_0='?' (Size = 450)], CommandType='Text', CommandTimeout='30']
SELECT TOP(2) [u].[Username], [u].[HashKey], [u].[Password]
FROM [Users] AS [u]
WHERE [u].[Username] = @__id_0
2025-04-16 11:39:46,866 [.NET TP Worker] INFO Microsoft.EntityFrameworkCore.Database.Command - Executed DbCommand (5ms) [Parameters=[@__id_0='?' (Size = 450)], CommandType='Text', CommandTimeout='30']
SELECT TOP(2) [u].[Username], [u].[HashKey], [u].[Password]
FROM [Users] AS [u]
WHERE [u].[Username] = @__id_0
2025-04-16 11:39:57,884 [.NET TP Worker] INFO Microsoft.EntityFrameworkCore.Database.Command - Executed DbCommand (4ms) [Parameters=[@__id_0='?' (Size = 450)], CommandType='Text', CommandTimeout='30']
SELECT TOP(2) [u].[Username], [u].[HashKey], [u].[Password]
FROM [Users] AS [u]
WHERE [u].[Username] = @__id_0
2025-04-16 11:41:37,767 [.NET TP Worker] INFO Microsoft.EntityFrameworkCore.Database.Command - Executed DbCommand (6ms) [Parameters=[@__id_0='?' (Size = 450)], CommandType='Text', CommandTimeout='30']
SELECT TOP(2) [u].[Username], [u].[HashKey], [u].[Password]
FROM [Users] AS [u]
WHERE [u].[Username] = @__id_0
2025-04-16 11:41:38,386 [.NET TP Worker] INFO Microsoft.EntityFrameworkCore.Database.Command - Executed DbCommand (8ms) [Parameters=[], CommandType='Text', CommandTimeout='30']
SELECT COUNT(*)
FROM [Employees] AS [e]
2025-04-16 11:41:38,552 [.NET TP Worker] INFO Microsoft.EntityFrameworkCore.Database.Command - Executed DbCommand (8ms) [Parameters=[], CommandType='Text', CommandTimeout='30']
SELECT [e].[Id], [e].[Age], [e].[Department_Id], [e].[Name], [e].[Phone], [e].[Status], [d].[Id], [d].[Name]
FROM [Employees] AS [e]
INNER JOIN [Departments] AS [d] ON [e].[Department_Id] = [d].[Id]
2025-04-16 11:41:56,697 [.NET TP Worker] INFO Microsoft.EntityFrameworkCore.Database.Command - Executed DbCommand (2ms) [Parameters=[@__id_0='?' (Size = 450)], CommandType='Text', CommandTimeout='30']
SELECT TOP(2) [u].[Username], [u].[HashKey], [u].[Password]
FROM [Users] AS [u]
WHERE [u].[Username] = @__id_0
2025-04-16 11:41:56,703 [.NET TP Worker] INFO Microsoft.EntityFrameworkCore.Database.Command - Executed DbCommand (0ms) [Parameters=[], CommandType='Text', CommandTimeout='30']
SELECT COUNT(*)
FROM [Employees] AS [e]
2025-04-16 11:41:56,707 [.NET TP Worker] INFO Microsoft.EntityFrameworkCore.Database.Command - Executed DbCommand (0ms) [Parameters=[], CommandType='Text', CommandTimeout='30']
SELECT [e].[Id], [e].[Age], [e].[Department_Id], [e].[Name], [e].[Phone], [e].[Status], [d].[Id], [d].[Name]
FROM [Employees] AS [e]
INNER JOIN [Departments] AS [d] ON [e].[Department_Id] = [d].[Id]
2025-04-16 12:00:46,650 [.NET TP Worker] INFO Microsoft.EntityFrameworkCore.Database.Command - Executed DbCommand (3ms) [Parameters=[@__id_0='?' (Size = 450)], CommandType='Text', CommandTimeout='30']
SELECT TOP(2) [u].[Username], [u].[HashKey], [u].[Password]
FROM [Users] AS [u]
WHERE [u].[Username] = @__id_0
2025-04-16 12:00:46,657 [.NET TP Worker] INFO Microsoft.EntityFrameworkCore.Database.Command - Executed DbCommand (2ms) [Parameters=[], CommandType='Text', CommandTimeout='30']
SELECT COUNT(*)
FROM [Employees] AS [e]
2025-04-16 12:00:46,662 [.NET TP Worker] INFO Microsoft.EntityFrameworkCore.Database.Command - Executed DbCommand (2ms) [Parameters=[], CommandType='Text', CommandTimeout='30']
SELECT [e].[Id], [e].[Age], [e].[Department_Id], [e].[Name], [e].[Phone], [e].[Status], [d].[Id], [d].[Name]
FROM [Employees] AS [e]
INNER JOIN [Departments] AS [d] ON [e].[Department_Id] = [d].[Id]
2025-04-16 12:20:07,394 [.NET TP Worker] INFO Microsoft.EntityFrameworkCore.Database.Command - Executed DbCommand (3ms) [Parameters=[], CommandType='Text', CommandTimeout='30']
SELECT [s].[Id], [s].[Allowance], [s].[Basic], [s].[DA], [s].[HRA], [s].[PF], [s].[Status]
FROM [Salaries] AS [s]
2025-04-16 12:20:07,409 [.NET TP Worker] INFO Microsoft.EntityFrameworkCore.Database.Command - Executed DbCommand (3ms) [Parameters=[], CommandType='Text', CommandTimeout='30']
SELECT [s].[Id], [s].[Allowance], [s].[Basic], [s].[DA], [s].[HRA], [s].[PF], [s].[Status]
FROM [Salaries] AS [s]
2025-04-16 12:20:09,930 [.NET TP Worker] INFO Microsoft.EntityFrameworkCore.Database.Command - Executed DbCommand (2ms) [Parameters=[], CommandType='Text', CommandTimeout='30']
SELECT [s].[Id], [s].[Allowance], [s].[Basic], [s].[DA], [s].[HRA], [s].[PF], [s].[Status]
FROM [Salaries] AS [s]
2025-04-16 12:20:09,943 [.NET TP Worker] INFO Microsoft.EntityFrameworkCore.Database.Command - Executed DbCommand (2ms) [Parameters=[], CommandType='Text', CommandTimeout='30']
SELECT [s].[Id], [s].[Allowance], [s].[Basic], [s].[DA], [s].[HRA], [s].[PF], [s].[Status]
FROM [Salaries] AS [s]
2025-04-16 12:20:34,705 [.NET TP Worker] INFO Microsoft.EntityFrameworkCore.Database.Command - Executed DbCommand (4ms) [Parameters=[], CommandType='Text', CommandTimeout='30']
SELECT [s].[Id], [s].[Allowance], [s].[Basic], [s].[DA], [s].[HRA], [s].[PF], [s].[Status]
FROM [Salaries] AS [s]
2025-04-16 12:20:34,715 [.NET TP Worker] INFO AspNetCoreRateLimit.IpRateLimitMiddleware - Request get:/api/salary from IP ::1 has been blocked, quota 5/1m exceeded by 1. Blocked by rule *, TraceIdentifier 4000003a-0007-fc00-b63f-84710c7967bb. MonitorMode: False
2025-04-16 12:20:46,037 [.NET TP Worker] INFO AspNetCoreRateLimit.IpRateLimitMiddleware - Request get:/api/salary from IP ::1 has been blocked, quota 5/1m exceeded by 2. Blocked by rule *, TraceIdentifier 4000003b-0007-fc00-b63f-84710c7967bb. MonitorMode: False
2025-04-16 12:20:46,043 [.NET TP Worker] INFO AspNetCoreRateLimit.IpRateLimitMiddleware - Request get:/api/salary from IP ::1 has been blocked, quota 5/1m exceeded by 3. Blocked by rule *, TraceIdentifier 4000003c-0007-fc00-b63f-84710c7967bb. MonitorMode: False
2025-04-16 12:20:47,597 [.NET TP Worker] INFO AspNetCoreRateLimit.IpRateLimitMiddleware - Request get:/api/salary from IP ::1 has been blocked, quota 5/1m exceeded by 4. Blocked by rule *, TraceIdentifier 4000003d-0007-fc00-b63f-84710c7967bb. MonitorMode: False
2025-04-16 12:20:47,603 [.NET TP Worker] INFO AspNetCoreRateLimit.IpRateLimitMiddleware - Request get:/api/salary from IP ::1 has been blocked, quota 5/1m exceeded by 5. Blocked by rule *, TraceIdentifier 4000003e-0007-fc00-b63f-84710c7967bb. MonitorMode: False
2025-04-16 12:20:50,363 [.NET TP Worker] INFO AspNetCoreRateLimit.IpRateLimitMiddleware - Request get:/api/salary from IP ::1 has been blocked, quota 5/1m exceeded by 6. Blocked by rule *, TraceIdentifier 4000003f-0007-fc00-b63f-84710c7967bb. MonitorMode: False
2025-04-16 12:20:50,369 [.NET TP Worker] INFO AspNetCoreRateLimit.IpRateLimitMiddleware - Request get:/api/salary from IP ::1 has been blocked, quota 5/1m exceeded by 7. Blocked by rule *, TraceIdentifier 40000040-0007-fc00-b63f-84710c7967bb. MonitorMode: False
2025-04-16 12:20:51,865 [.NET TP Worker] INFO AspNetCoreRateLimit.IpRateLimitMiddleware - Request get:/api/salary from IP ::1 has been blocked, quota 5/1m exceeded by 8. Blocked by rule *, TraceIdentifier 40000041-0007-fc00-b63f-84710c7967bb. MonitorMode: False
2025-04-16 12:20:51,871 [.NET TP Worker] INFO AspNetCoreRateLimit.IpRateLimitMiddleware - Request get:/api/salary from IP ::1 has been blocked, quota 5/1m exceeded by 9. Blocked by rule *, TraceIdentifier 40000042-0007-fc00-b63f-84710c7967bb. MonitorMode: False
2025-04-16 12:20:54,570 [.NET TP Worker] INFO AspNetCoreRateLimit.IpRateLimitMiddleware - Request get:/api/salary from IP ::1 has been blocked, quota 5/1m exceeded by 10. Blocked by rule *, TraceIdentifier 40000043-0007-fc00-b63f-84710c7967bb. MonitorMode: False
2025-04-16 12:20:54,576 [.NET TP Worker] INFO AspNetCoreRateLimit.IpRateLimitMiddleware - Request get:/api/salary from IP ::1 has been blocked, quota 5/1m exceeded by 11. Blocked by rule *, TraceIdentifier 40000044-0007-fc00-b63f-84710c7967bb. MonitorMode: False
2025-04-16 16:37:12,282 [.NET TP Worker] INFO Microsoft.EntityFrameworkCore.Database.Command - Executed DbCommand (3ms) [Parameters=[], CommandType='Text', CommandTimeout='30']
SELECT [s].[Id], [s].[Allowance], [s].[Basic], [s].[DA], [s].[HRA], [s].[PF], [s].[Status]
FROM [Salaries] AS [s]
2025-04-16 16:37:12,303 [.NET TP Worker] INFO Microsoft.EntityFrameworkCore.Database.Command - Executed DbCommand (2ms) [Parameters=[], CommandType='Text', CommandTimeout='30']
SELECT [s].[Id], [s].[Allowance], [s].[Basic], [s].[DA], [s].[HRA], [s].[PF], [s].[Status]
FROM [Salaries] AS [s]
2025-04-16 16:37:13,355 [.NET TP Worker] INFO Microsoft.EntityFrameworkCore.Database.Command - Executed DbCommand (5ms) [Parameters=[], CommandType='Text', CommandTimeout='30']
SELECT [s].[Id], [s].[Allowance], [s].[Basic], [s].[DA], [s].[HRA], [s].[PF], [s].[Status]
FROM [Salaries] AS [s]
2025-04-16 16:37:13,367 [.NET TP Worker] INFO Microsoft.EntityFrameworkCore.Database.Command - Executed DbCommand (1ms) [Parameters=[], CommandType='Text', CommandTimeout='30']
SELECT [s].[Id], [s].[Allowance], [s].[Basic], [s].[DA], [s].[HRA], [s].[PF], [s].[Status]
FROM [Salaries] AS [s]
2025-04-16 16:37:15,537 [.NET TP Worker] INFO Microsoft.EntityFrameworkCore.Database.Command - Executed DbCommand (3ms) [Parameters=[], CommandType='Text', CommandTimeout='30']
SELECT [s].[Id], [s].[Allowance], [s].[Basic], [s].[DA], [s].[HRA], [s].[PF], [s].[Status]
FROM [Salaries] AS [s]
2025-04-16 16:37:15,543 [.NET TP Worker] INFO AspNetCoreRateLimit.IpRateLimitMiddleware - Request get:/api/salary from IP ::1 has been blocked, quota 5/1m exceeded by 1. Blocked by rule *, TraceIdentifier 40000108-0005-fc00-b63f-84710c7967bb. MonitorMode: False
2025-04-16 16:37:16,674 [.NET TP Worker] INFO AspNetCoreRateLimit.IpRateLimitMiddleware - Request get:/api/salary from IP ::1 has been blocked, quota 5/1m exceeded by 2. Blocked by rule *, TraceIdentifier 40000109-0005-fc00-b63f-84710c7967bb. MonitorMode: False
2025-04-16 16:37:16,680 [.NET TP Worker] INFO AspNetCoreRateLimit.IpRateLimitMiddleware - Request get:/api/salary from IP ::1 has been blocked, quota 5/1m exceeded by 3. Blocked by rule *, TraceIdentifier 4000010a-0005-fc00-b63f-84710c7967bb. MonitorMode: False
2025-04-16 16:37:18,091 [.NET TP Worker] INFO AspNetCoreRateLimit.IpRateLimitMiddleware - Request get:/api/salary from IP ::1 has been blocked, quota 5/1m exceeded by 4. Blocked by rule *, TraceIdentifier 4000010b-0005-fc00-b63f-84710c7967bb. MonitorMode: False
2025-04-16 16:37:18,098 [.NET TP Worker] INFO AspNetCoreRateLimit.IpRateLimitMiddleware - Request get:/api/salary from IP ::1 has been blocked, quota 5/1m exceeded by 5. Blocked by rule *, TraceIdentifier 4000010c-0005-fc00-b63f-84710c7967bb. MonitorMode: False
2025-04-16 16:37:20,047 [.NET TP Worker] INFO AspNetCoreRateLimit.IpRateLimitMiddleware - Request get:/api/salary from IP ::1 has been blocked, quota 5/1m exceeded by 6. Blocked by rule *, TraceIdentifier 4000010d-0005-fc00-b63f-84710c7967bb. MonitorMode: False
2025-04-16 16:37:20,054 [.NET TP Worker] INFO AspNetCoreRateLimit.IpRateLimitMiddleware - Request get:/api/salary from IP ::1 has been blocked, quota 5/1m exceeded by 7. Blocked by rule *, TraceIdentifier 4000010e-0005-fc00-b63f-84710c7967bb. MonitorMode: False
2025-04-16 16:50:32,389 [1] INFO Microsoft.Hosting.Lifetime - Application started. Press Ctrl+C to shut down.
2025-04-16 16:50:32,434 [1] INFO Microsoft.Hosting.Lifetime - Hosting environment: Development
2025-04-16 16:50:32,437 [1] INFO Microsoft.Hosting.Lifetime - Content root path: D:\Corp\Giosys\Hexaware\17March2025\Participants\Day11\FirstAPISolution\FirstAPI
2025-04-16 16:50:41,108 [.NET TP Worker] INFO Microsoft.EntityFrameworkCore.Database.Command - Executed DbCommand (35ms) [Parameters=[], CommandType='Text', CommandTimeout='30']
SELECT COUNT(*)
FROM [Departments] AS [d]
2025-04-16 16:50:41,657 [.NET TP Worker] INFO Microsoft.EntityFrameworkCore.Database.Command - Executed DbCommand (16ms) [Parameters=[], CommandType='Text', CommandTimeout='30']
SELECT [d].[Id], [d].[Name], [e].[Id], [e].[Age], [e].[Department_Id], [e].[Name], [e].[Phone], [e].[Status]
FROM [Departments] AS [d]
LEFT JOIN [Employees] AS [e] ON [d].[Id] = [e].[Department_Id]
ORDER BY [d].[Id]
2025-04-16 17:05:17,758 [.NET TP Worker] INFO Microsoft.EntityFrameworkCore.Database.Command - Executed DbCommand (1ms) [Parameters=[], CommandType='Text', CommandTimeout='30']
SELECT COUNT(*)
FROM [Departments] AS [d]
2025-04-16 17:05:17,766 [.NET TP Worker] INFO Microsoft.EntityFrameworkCore.Database.Command - Executed DbCommand (3ms) [Parameters=[], CommandType='Text', CommandTimeout='30']
SELECT [d].[Id], [d].[Name], [e].[Id], [e].[Age], [e].[Department_Id], [e].[Name], [e].[Phone], [e].[Status]
FROM [Departments] AS [d]
LEFT JOIN [Employees] AS [e] ON [d].[Id] = [e].[Department_Id]
ORDER BY [d].[Id]
2025-04-16 17:05:17,898 [.NET TP Worker] INFO Microsoft.EntityFrameworkCore.Database.Command - Executed DbCommand (0ms) [Parameters=[], CommandType='Text', CommandTimeout='30']
SELECT COUNT(*)
FROM [Departments] AS [d]
2025-04-16 17:05:17,903 [.NET TP Worker] INFO Microsoft.EntityFrameworkCore.Database.Command - Executed DbCommand (1ms) [Parameters=[], CommandType='Text', CommandTimeout='30']
SELECT [d].[Id], [d].[Name], [e].[Id], [e].[Age], [e].[Department_Id], [e].[Name], [e].[Phone], [e].[Status]
FROM [Departments] AS [d]
LEFT JOIN [Employees] AS [e] ON [d].[Id] = [e].[Department_Id]
ORDER BY [d].[Id]
2025-04-16 17:05:55,213 [.NET TP Worker] INFO Microsoft.EntityFrameworkCore.Database.Command - Executed DbCommand (2ms) [Parameters=[], CommandType='Text', CommandTimeout='30']
SELECT COUNT(*)
FROM [Departments] AS [d]
2025-04-16 17:05:55,219 [.NET TP Worker] INFO Microsoft.EntityFrameworkCore.Database.Command - Executed DbCommand (3ms) [Parameters=[], CommandType='Text', CommandTimeout='30']
SELECT [d].[Id], [d].[Name], [e].[Id], [e].[Age], [e].[Department_Id], [e].[Name], [e].[Phone], [e].[Status]
FROM [Departments] AS [d]
LEFT JOIN [Employees] AS [e] ON [d].[Id] = [e].[Department_Id]
ORDER BY [d].[Id]
2025-04-16 17:05:55,229 [.NET TP Worker] INFO Microsoft.EntityFrameworkCore.Database.Command - Executed DbCommand (1ms) [Parameters=[], CommandType='Text', CommandTimeout='30']
SELECT COUNT(*)
FROM [Departments] AS [d]
2025-04-16 17:05:55,233 [.NET TP Worker] INFO Microsoft.EntityFrameworkCore.Database.Command - Executed DbCommand (1ms) [Parameters=[], CommandType='Text', CommandTimeout='30']
SELECT [d].[Id], [d].[Name], [e].[Id], [e].[Age], [e].[Department_Id], [e].[Name], [e].[Phone], [e].[Status]
FROM [Departments] AS [d]
LEFT JOIN [Employees] AS [e] ON [d].[Id] = [e].[Department_Id]
ORDER BY [d].[Id]
2025-04-16 17:05:56,196 [.NET TP Worker] INFO Microsoft.EntityFrameworkCore.Database.Command - Executed DbCommand (1ms) [Parameters=[], CommandType='Text', CommandTimeout='30']
SELECT COUNT(*)
FROM [Departments] AS [d]
2025-04-16 17:05:56,199 [.NET TP Worker] INFO Microsoft.EntityFrameworkCore.Database.Command - Executed DbCommand (0ms) [Parameters=[], CommandType='Text', CommandTimeout='30']
SELECT [d].[Id], [d].[Name], [e].[Id], [e].[Age], [e].[Department_Id], [e].[Name], [e].[Phone], [e].[Status]
FROM [Departments] AS [d]
LEFT JOIN [Employees] AS [e] ON [d].[Id] = [e].[Department_Id]
ORDER BY [d].[Id]
2025-04-16 17:05:56,206 [.NET TP Worker] INFO AspNetCoreRateLimit.IpRateLimitMiddleware - Request get:/api/department from IP ::1 has been blocked, quota 5/1m exceeded by 1. Blocked by rule *, TraceIdentifier 40000084-0004-fb00-b63f-84710c7967bb. MonitorMode: False
2025-04-16 17:06:01,381 [.NET TP Worker] INFO AspNetCoreRateLimit.IpRateLimitMiddleware - Request get:/api/department from IP ::1 has been blocked, quota 5/1m exceeded by 2. Blocked by rule *, TraceIdentifier 40000085-0004-fb00-b63f-84710c7967bb. MonitorMode: False
2025-04-16 17:06:01,399 [.NET TP Worker] INFO AspNetCoreRateLimit.IpRateLimitMiddleware - Request get:/api/department from IP ::1 has been blocked, quota 5/1m exceeded by 3. Blocked by rule *, TraceIdentifier 40000086-0004-fb00-b63f-84710c7967bb. MonitorMode: False
2025-04-16 17:07:22,946 [1] INFO Microsoft.Hosting.Lifetime - Application started. Press Ctrl+C to shut down.
2025-04-16 17:07:22,973 [1] INFO Microsoft.Hosting.Lifetime - Hosting environment: Development
2025-04-16 17:07:22,975 [1] INFO Microsoft.Hosting.Lifetime - Content root path: D:\Corp\Giosys\Hexaware\17March2025\Participants\Day11\FirstAPISolution\FirstAPI
2025-04-16 17:07:29,287 [.NET TP Worker] INFO Microsoft.EntityFrameworkCore.Database.Command - Executed DbCommand (40ms) [Parameters=[], CommandType='Text', CommandTimeout='30']
SELECT COUNT(*)
FROM [Departments] AS [d]
2025-04-16 17:07:29,465 [.NET TP Worker] INFO Microsoft.EntityFrameworkCore.Database.Command - Executed DbCommand (4ms) [Parameters=[], CommandType='Text', CommandTimeout='30']
SELECT [d].[Id], [d].[Name], [e].[Id], [e].[Age], [e].[Department_Id], [e].[Name], [e].[Phone], [e].[Status]
FROM [Departments] AS [d]
LEFT JOIN [Employees] AS [e] ON [d].[Id] = [e].[Department_Id]
ORDER BY [d].[Id]
2025-04-16 17:07:29,610 [.NET TP Worker] INFO Microsoft.EntityFrameworkCore.Database.Command - Executed DbCommand (0ms) [Parameters=[], CommandType='Text', CommandTimeout='30']
SELECT COUNT(*)
FROM [Departments] AS [d]
2025-04-16 17:07:29,616 [.NET TP Worker] INFO Microsoft.EntityFrameworkCore.Database.Command - Executed DbCommand (1ms) [Parameters=[], CommandType='Text', CommandTimeout='30']
SELECT [d].[Id], [d].[Name], [e].[Id], [e].[Age], [e].[Department_Id], [e].[Name], [e].[Phone], [e].[Status]
FROM [Departments] AS [d]
LEFT JOIN [Employees] AS [e] ON [d].[Id] = [e].[Department_Id]
ORDER BY [d].[Id]
2025-04-16 17:07:30,128 [.NET TP Worker] INFO Microsoft.EntityFrameworkCore.Database.Command - Executed DbCommand (1ms) [Parameters=[], CommandType='Text', CommandTimeout='30']
SELECT COUNT(*)
FROM [Departments] AS [d]
2025-04-16 17:07:30,133 [.NET TP Worker] INFO Microsoft.EntityFrameworkCore.Database.Command - Executed DbCommand (1ms) [Parameters=[], CommandType='Text', CommandTimeout='30']
SELECT [d].[Id], [d].[Name], [e].[Id], [e].[Age], [e].[Department_Id], [e].[Name], [e].[Phone], [e].[Status]
FROM [Departments] AS [d]
LEFT JOIN [Employees] AS [e] ON [d].[Id] = [e].[Department_Id]
ORDER BY [d].[Id]
2025-04-16 17:07:30,143 [.NET TP Worker] INFO Microsoft.EntityFrameworkCore.Database.Command - Executed DbCommand (0ms) [Parameters=[], CommandType='Text', CommandTimeout='30']
SELECT COUNT(*)
FROM [Departments] AS [d]
2025-04-16 17:07:30,149 [.NET TP Worker] INFO Microsoft.EntityFrameworkCore.Database.Command - Executed DbCommand (1ms) [Parameters=[], CommandType='Text', CommandTimeout='30']
SELECT [d].[Id], [d].[Name], [e].[Id], [e].[Age], [e].[Department_Id], [e].[Name], [e].[Phone], [e].[Status]
FROM [Departments] AS [d]
LEFT JOIN [Employees] AS [e] ON [d].[Id] = [e].[Department_Id]
ORDER BY [d].[Id]
2025-04-16 17:08:00,198 [.NET TP Worker] INFO Microsoft.EntityFrameworkCore.Database.Command - Executed DbCommand (2ms) [Parameters=[], CommandType='Text', CommandTimeout='30']
SELECT COUNT(*)
FROM [Departments] AS [d]
2025-04-16 17:08:00,204 [.NET TP Worker] INFO Microsoft.EntityFrameworkCore.Database.Command - Executed DbCommand (2ms) [Parameters=[], CommandType='Text', CommandTimeout='30']
SELECT [d].[Id], [d].[Name], [e].[Id], [e].[Age], [e].[Department_Id], [e].[Name], [e].[Phone], [e].[Status]
FROM [Departments] AS [d]
LEFT JOIN [Employees] AS [e] ON [d].[Id] = [e].[Department_Id]
ORDER BY [d].[Id]
2025-04-16 17:08:00,219 [.NET TP Worker] INFO Microsoft.EntityFrameworkCore.Database.Command - Executed DbCommand (1ms) [Parameters=[], CommandType='Text', CommandTimeout='30']
SELECT COUNT(*)
FROM [Departments] AS [d]
2025-04-16 17:08:00,224 [.NET TP Worker] INFO Microsoft.EntityFrameworkCore.Database.Command - Executed DbCommand (1ms) [Parameters=[], CommandType='Text', CommandTimeout='30']
SELECT [d].[Id], [d].[Name], [e].[Id], [e].[Age], [e].[Department_Id], [e].[Name], [e].[Phone], [e].[Status]
FROM [Departments] AS [d]
LEFT JOIN [Employees] AS [e] ON [d].[Id] = [e].[Department_Id]
ORDER BY [d].[Id]
2025-04-16 17:08:02,192 [.NET TP Worker] INFO Microsoft.EntityFrameworkCore.Database.Command - Executed DbCommand (1ms) [Parameters=[], CommandType='Text', CommandTimeout='30']
SELECT COUNT(*)
FROM [Departments] AS [d]
2025-04-16 17:08:02,197 [.NET TP Worker] INFO Microsoft.EntityFrameworkCore.Database.Command - Executed DbCommand (1ms) [Parameters=[], CommandType='Text', CommandTimeout='30']
SELECT [d].[Id], [d].[Name], [e].[Id], [e].[Age], [e].[Department_Id], [e].[Name], [e].[Phone], [e].[Status]
FROM [Departments] AS [d]
LEFT JOIN [Employees] AS [e] ON [d].[Id] = [e].[Department_Id]
ORDER BY [d].[Id]
2025-04-16 17:08:02,212 [.NET TP Worker] INFO Microsoft.EntityFrameworkCore.Database.Command - Executed DbCommand (1ms) [Parameters=[], CommandType='Text', CommandTimeout='30']
SELECT COUNT(*)
FROM [Departments] AS [d]
2025-04-16 17:08:02,217 [.NET TP Worker] INFO Microsoft.EntityFrameworkCore.Database.Command - Executed DbCommand (0ms) [Parameters=[], CommandType='Text', CommandTimeout='30']
SELECT [d].[Id], [d].[Name], [e].[Id], [e].[Age], [e].[Department_Id], [e].[Name], [e].[Phone], [e].[Status]
FROM [Departments] AS [d]
LEFT JOIN [Employees] AS [e] ON [d].[Id] = [e].[Department_Id]
ORDER BY [d].[Id]
2025-04-16 17:08:05,995 [.NET TP Worker] INFO Microsoft.EntityFrameworkCore.Database.Command - Executed DbCommand (1ms) [Parameters=[], CommandType='Text', CommandTimeout='30']
SELECT COUNT(*)
FROM [Departments] AS [d]
2025-04-16 17:08:05,999 [.NET TP Worker] INFO Microsoft.EntityFrameworkCore.Database.Command - Executed DbCommand (1ms) [Parameters=[], CommandType='Text', CommandTimeout='30']
SELECT [d].[Id], [d].[Name], [e].[Id], [e].[Age], [e].[Department_Id], [e].[Name], [e].[Phone], [e].[Status]
FROM [Departments] AS [d]
LEFT JOIN [Employees] AS [e] ON [d].[Id] = [e].[Department_Id]
ORDER BY [d].[Id]
2025-04-16 17:08:06,009 [.NET TP Worker] INFO Microsoft.EntityFrameworkCore.Database.Command - Executed DbCommand (1ms) [Parameters=[], CommandType='Text', CommandTimeout='30']
SELECT COUNT(*)
FROM [Departments] AS [d]
2025-04-16 17:08:06,012 [.NET TP Worker] INFO Microsoft.EntityFrameworkCore.Database.Command - Executed DbCommand (0ms) [Parameters=[], CommandType='Text', CommandTimeout='30']
SELECT [d].[Id], [d].[Name], [e].[Id], [e].[Age], [e].[Department_Id], [e].[Name], [e].[Phone], [e].[Status]
FROM [Departments] AS [d]
LEFT JOIN [Employees] AS [e] ON [d].[Id] = [e].[Department_Id]
ORDER BY [d].[Id]
2025-04-16 17:14:03,181 [.NET TP Worker] INFO Microsoft.EntityFrameworkCore.Database.Command - Executed DbCommand (1ms) [Parameters=[], CommandType='Text', CommandTimeout='30']
SELECT COUNT(*)
FROM [Departments] AS [d]
2025-04-16 17:14:03,188 [.NET TP Worker] INFO Microsoft.EntityFrameworkCore.Database.Command - Executed DbCommand (3ms) [Parameters=[], CommandType='Text', CommandTimeout='30']
SELECT [d].[Id], [d].[Name], [e].[Id], [e].[Age], [e].[Department_Id], [e].[Name], [e].[Phone], [e].[Status]
FROM [Departments] AS [d]
LEFT JOIN [Employees] AS [e] ON [d].[Id] = [e].[Department_Id]
ORDER BY [d].[Id]
2025-04-16 17:15:21,230 [.NET TP Worker] INFO Microsoft.EntityFrameworkCore.Database.Command - Executed DbCommand (6ms) [Parameters=[], CommandType='Text', CommandTimeout='30']
SELECT COUNT(*)
FROM [Departments] AS [d]
2025-04-16 17:15:21,237 [.NET TP Worker] INFO Microsoft.EntityFrameworkCore.Database.Command - Executed DbCommand (2ms) [Parameters=[], CommandType='Text', CommandTimeout='30']
SELECT [d].[Id], [d].[Name], [e].[Id], [e].[Age], [e].[Department_Id], [e].[Name], [e].[Phone], [e].[Status]
FROM [Departments] AS [d]
LEFT JOIN [Employees] AS [e] ON [d].[Id] = [e].[Department_Id]
ORDER BY [d].[Id]
2025-04-16 17:15:21,245 [.NET TP Worker] INFO Microsoft.EntityFrameworkCore.Database.Command - Executed DbCommand (0ms) [Parameters=[], CommandType='Text', CommandTimeout='30']
SELECT COUNT(*)
FROM [Departments] AS [d]
2025-04-16 17:15:21,250 [.NET TP Worker] INFO Microsoft.EntityFrameworkCore.Database.Command - Executed DbCommand (1ms) [Parameters=[], CommandType='Text', CommandTimeout='30']
SELECT [d].[Id], [d].[Name], [e].[Id], [e].[Age], [e].[Department_Id], [e].[Name], [e].[Phone], [e].[Status]
FROM [Departments] AS [d]
LEFT JOIN [Employees] AS [e] ON [d].[Id] = [e].[Department_Id]
ORDER BY [d].[Id]
2025-04-16 17:15:24,177 [.NET TP Worker] INFO Microsoft.EntityFrameworkCore.Database.Command - Executed DbCommand (1ms) [Parameters=[], CommandType='Text', CommandTimeout='30']
SELECT COUNT(*)
FROM [Departments] AS [d]
2025-04-16 17:15:24,184 [.NET TP Worker] INFO Microsoft.EntityFrameworkCore.Database.Command - Executed DbCommand (3ms) [Parameters=[], CommandType='Text', CommandTimeout='30']
SELECT [d].[Id], [d].[Name], [e].[Id], [e].[Age], [e].[Department_Id], [e].[Name], [e].[Phone], [e].[Status]
FROM [Departments] AS [d]
LEFT JOIN [Employees] AS [e] ON [d].[Id] = [e].[Department_Id]
ORDER BY [d].[Id]
2025-04-16 17:15:24,193 [.NET TP Worker] INFO Microsoft.EntityFrameworkCore.Database.Command - Executed DbCommand (1ms) [Parameters=[], CommandType='Text', CommandTimeout='30']
SELECT COUNT(*)
FROM [Departments] AS [d]
2025-04-16 17:15:24,200 [.NET TP Worker] INFO Microsoft.EntityFrameworkCore.Database.Command - Executed DbCommand (3ms) [Parameters=[], CommandType='Text', CommandTimeout='30']
SELECT [d].[Id], [d].[Name], [e].[Id], [e].[Age], [e].[Department_Id], [e].[Name], [e].[Phone], [e].[Status]
FROM [Departments] AS [d]
LEFT JOIN [Employees] AS [e] ON [d].[Id] = [e].[Department_Id]
ORDER BY [d].[Id]
2025-04-16 17:15:31,169 [.NET TP Worker] INFO Microsoft.EntityFrameworkCore.Database.Command - Executed DbCommand (2ms) [Parameters=[], CommandType='Text', CommandTimeout='30']
SELECT COUNT(*)
FROM [Departments] AS [d]
2025-04-16 17:15:31,177 [.NET TP Worker] INFO Microsoft.EntityFrameworkCore.Database.Command - Executed DbCommand (3ms) [Parameters=[], CommandType='Text', CommandTimeout='30']
SELECT [d].[Id], [d].[Name], [e].[Id], [e].[Age], [e].[Department_Id], [e].[Name], [e].[Phone], [e].[Status]
FROM [Departments] AS [d]
LEFT JOIN [Employees] AS [e] ON [d].[Id] = [e].[Department_Id]
ORDER BY [d].[Id]
2025-04-16 17:15:31,185 [.NET TP Worker] INFO Microsoft.EntityFrameworkCore.Database.Command - Executed DbCommand (1ms) [Parameters=[], CommandType='Text', CommandTimeout='30']
SELECT COUNT(*)
FROM [Departments] AS [d]
2025-04-16 17:15:31,190 [.NET TP Worker] INFO Microsoft.EntityFrameworkCore.Database.Command - Executed DbCommand (1ms) [Parameters=[], CommandType='Text', CommandTimeout='30']
SELECT [d].[Id], [d].[Name], [e].[Id], [e].[Age], [e].[Department_Id], [e].[Name], [e].[Phone], [e].[Status]
FROM [Departments] AS [d]
LEFT JOIN [Employees] AS [e] ON [d].[Id] = [e].[Department_Id]
ORDER BY [d].[Id]
2025-04-16 17:15:34,182 [.NET TP Worker] INFO Microsoft.EntityFrameworkCore.Database.Command - Executed DbCommand (1ms) [Parameters=[], CommandType='Text', CommandTimeout='30']
SELECT COUNT(*)
FROM [Departments] AS [d]
2025-04-16 17:15:34,186 [.NET TP Worker] INFO Microsoft.EntityFrameworkCore.Database.Command - Executed DbCommand (1ms) [Parameters=[], CommandType='Text', CommandTimeout='30']
SELECT [d].[Id], [d].[Name], [e].[Id], [e].[Age], [e].[Department_Id], [e].[Name], [e].[Phone], [e].[Status]
FROM [Departments] AS [d]
LEFT JOIN [Employees] AS [e] ON [d].[Id] = [e].[Department_Id]
ORDER BY [d].[Id]
2025-04-16 17:15:34,194 [.NET TP Worker] INFO Microsoft.EntityFrameworkCore.Database.Command - Executed DbCommand (1ms) [Parameters=[], CommandType='Text', CommandTimeout='30']
SELECT COUNT(*)
FROM [Departments] AS [d]
2025-04-16 17:15:34,198 [.NET TP Worker] INFO Microsoft.EntityFrameworkCore.Database.Command - Executed DbCommand (1ms) [Parameters=[], CommandType='Text', CommandTimeout='30']
SELECT [d].[Id], [d].[Name], [e].[Id], [e].[Age], [e].[Department_Id], [e].[Name], [e].[Phone], [e].[Status]
FROM [Departments] AS [d]
LEFT JOIN [Employees] AS [e] ON [d].[Id] = [e].[Department_Id]
ORDER BY [d].[Id]
2025-04-16 17:16:21,232 [.NET TP Worker] INFO Microsoft.EntityFrameworkCore.Database.Command - Executed DbCommand (1ms) [Parameters=[], CommandType='Text', CommandTimeout='30']
SELECT COUNT(*)
FROM [Departments] AS [d]
2025-04-16 17:16:21,238 [.NET TP Worker] INFO Microsoft.EntityFrameworkCore.Database.Command - Executed DbCommand (3ms) [Parameters=[], CommandType='Text', CommandTimeout='30']
SELECT [d].[Id], [d].[Name], [e].[Id], [e].[Age], [e].[Department_Id], [e].[Name], [e].[Phone], [e].[Status]
FROM [Departments] AS [d]
LEFT JOIN [Employees] AS [e] ON [d].[Id] = [e].[Department_Id]
ORDER BY [d].[Id]
2025-04-16 17:16:21,246 [.NET TP Worker] INFO Microsoft.EntityFrameworkCore.Database.Command - Executed DbCommand (1ms) [Parameters=[], CommandType='Text', CommandTimeout='30']
SELECT COUNT(*)
FROM [Departments] AS [d]
2025-04-16 17:16:21,251 [.NET TP Worker] INFO Microsoft.EntityFrameworkCore.Database.Command - Executed DbCommand (1ms) [Parameters=[], CommandType='Text', CommandTimeout='30']
SELECT [d].[Id], [d].[Name], [e].[Id], [e].[Age], [e].[Department_Id], [e].[Name], [e].[Phone], [e].[Status]
FROM [Departments] AS [d]
LEFT JOIN [Employees] AS [e] ON [d].[Id] = [e].[Department_Id]
ORDER BY [d].[Id]
2025-04-16 17:17:15,216 [.NET TP Worker] INFO Microsoft.EntityFrameworkCore.Database.Command - Executed DbCommand (2ms) [Parameters=[], CommandType='Text', CommandTimeout='30']
SELECT COUNT(*)
FROM [Departments] AS [d]
2025-04-16 17:17:15,222 [.NET TP Worker] INFO Microsoft.EntityFrameworkCore.Database.Command - Executed DbCommand (3ms) [Parameters=[], CommandType='Text', CommandTimeout='30']
SELECT [d].[Id], [d].[Name], [e].[Id], [e].[Age], [e].[Department_Id], [e].[Name], [e].[Phone], [e].[Status]
FROM [Departments] AS [d]
LEFT JOIN [Employees] AS [e] ON [d].[Id] = [e].[Department_Id]
ORDER BY [d].[Id]
2025-04-16 17:17:15,231 [.NET TP Worker] INFO Microsoft.EntityFrameworkCore.Database.Command - Executed DbCommand (0ms) [Parameters=[], CommandType='Text', CommandTimeout='30']
SELECT COUNT(*)
FROM [Departments] AS [d]
2025-04-16 17:17:15,235 [.NET TP Worker] INFO Microsoft.EntityFrameworkCore.Database.Command - Executed DbCommand (1ms) [Parameters=[], CommandType='Text', CommandTimeout='30']
SELECT [d].[Id], [d].[Name], [e].[Id], [e].[Age], [e].[Department_Id], [e].[Name], [e].[Phone], [e].[Status]
FROM [Departments] AS [d]
LEFT JOIN [Employees] AS [e] ON [d].[Id] = [e].[Department_Id]
ORDER BY [d].[Id]
2025-04-16 17:18:20,662 [.NET TP Worker] INFO Microsoft.EntityFrameworkCore.Database.Command - Executed DbCommand (2ms) [Parameters=[], CommandType='Text', CommandTimeout='30']
SELECT COUNT(*)
FROM [Departments] AS [d]
2025-04-16 17:18:20,680 [.NET TP Worker] INFO Microsoft.EntityFrameworkCore.Database.Command - Executed DbCommand (8ms) [Parameters=[], CommandType='Text', CommandTimeout='30']
SELECT [d].[Id], [d].[Name], [e].[Id], [e].[Age], [e].[Department_Id], [e].[Name], [e].[Phone], [e].[Status]
FROM [Departments] AS [d]
LEFT JOIN [Employees] AS [e] ON [d].[Id] = [e].[Department_Id]
ORDER BY [d].[Id]
2025-04-16 17:18:20,718 [.NET TP Worker] INFO Microsoft.EntityFrameworkCore.Database.Command - Executed DbCommand (15ms) [Parameters=[], CommandType='Text', CommandTimeout='30']
SELECT COUNT(*)
FROM [Departments] AS [d]
2025-04-16 17:18:20,727 [.NET TP Worker] INFO Microsoft.EntityFrameworkCore.Database.Command - Executed DbCommand (4ms) [Parameters=[], CommandType='Text', CommandTimeout='30']
SELECT [d].[Id], [d].[Name], [e].[Id], [e].[Age], [e].[Department_Id], [e].[Name], [e].[Phone], [e].[Status]
FROM [Departments] AS [d]
LEFT JOIN [Employees] AS [e] ON [d].[Id] = [e].[Department_Id]
ORDER BY [d].[Id]
2025-04-16 17:18:34,376 [.NET TP Worker] INFO Microsoft.EntityFrameworkCore.Database.Command - Executed DbCommand (2ms) [Parameters=[], CommandType='Text', CommandTimeout='30']
SELECT COUNT(*)
FROM [Departments] AS [d]
2025-04-16 17:18:34,388 [.NET TP Worker] INFO Microsoft.EntityFrameworkCore.Database.Command - Executed DbCommand (6ms) [Parameters=[], CommandType='Text', CommandTimeout='30']
SELECT [d].[Id], [d].[Name], [e].[Id], [e].[Age], [e].[Department_Id], [e].[Name], [e].[Phone], [e].[Status]
FROM [Departments] AS [d]
LEFT JOIN [Employees] AS [e] ON [d].[Id] = [e].[Department_Id]
ORDER BY [d].[Id]
2025-04-16 17:18:34,397 [.NET TP Worker] INFO Microsoft.EntityFrameworkCore.Database.Command - Executed DbCommand (0ms) [Parameters=[], CommandType='Text', CommandTimeout='30']
SELECT COUNT(*)
FROM [Departments] AS [d]
2025-04-16 17:18:34,402 [.NET TP Worker] INFO Microsoft.EntityFrameworkCore.Database.Command - Executed DbCommand (1ms) [Parameters=[], CommandType='Text', CommandTimeout='30']
SELECT [d].[Id], [d].[Name], [e].[Id], [e].[Age], [e].[Department_Id], [e].[Name], [e].[Phone], [e].[Status]
FROM [Departments] AS [d]
LEFT JOIN [Employees] AS [e] ON [d].[Id] = [e].[Department_Id]
ORDER BY [d].[Id]
2025-04-16 17:19:26,360 [.NET TP Worker] INFO Microsoft.EntityFrameworkCore.Database.Command - Executed DbCommand (4ms) [Parameters=[], CommandType='Text', CommandTimeout='30']
SELECT COUNT(*)
FROM [Departments] AS [d]
2025-04-16 17:19:26,369 [.NET TP Worker] INFO Microsoft.EntityFrameworkCore.Database.Command - Executed DbCommand (3ms) [Parameters=[], CommandType='Text', CommandTimeout='30']
SELECT [d].[Id], [d].[Name], [e].[Id], [e].[Age], [e].[Department_Id], [e].[Name], [e].[Phone], [e].[Status]
FROM [Departments] AS [d]
LEFT JOIN [Employees] AS [e] ON [d].[Id] = [e].[Department_Id]
ORDER BY [d].[Id]
2025-04-16 17:19:26,378 [.NET TP Worker] INFO Microsoft.EntityFrameworkCore.Database.Command - Executed DbCommand (0ms) [Parameters=[], CommandType='Text', CommandTimeout='30']
SELECT COUNT(*)
FROM [Departments] AS [d]
2025-04-16 17:19:26,383 [.NET TP Worker] INFO Microsoft.EntityFrameworkCore.Database.Command - Executed DbCommand (1ms) [Parameters=[], CommandType='Text', CommandTimeout='30']
SELECT [d].[Id], [d].[Name], [e].[Id], [e].[Age], [e].[Department_Id], [e].[Name], [e].[Phone], [e].[Status]
FROM [Departments] AS [d]
LEFT JOIN [Employees] AS [e] ON [d].[Id] = [e].[Department_Id]
ORDER BY [d].[Id]
2025-04-16 17:20:26,436 [.NET TP Worker] INFO Microsoft.EntityFrameworkCore.Database.Command - Executed DbCommand (8ms) [Parameters=[], CommandType='Text', CommandTimeout='30']
SELECT COUNT(*)
FROM [Departments] AS [d]
2025-04-16 17:20:26,464 [.NET TP Worker] INFO Microsoft.EntityFrameworkCore.Database.Command - Executed DbCommand (18ms) [Parameters=[], CommandType='Text', CommandTimeout='30']
SELECT [d].[Id], [d].[Name], [e].[Id], [e].[Age], [e].[Department_Id], [e].[Name], [e].[Phone], [e].[Status]
FROM [Departments] AS [d]
LEFT JOIN [Employees] AS [e] ON [d].[Id] = [e].[Department_Id]
ORDER BY [d].[Id]
2025-04-16 17:20:26,481 [.NET TP Worker] INFO Microsoft.EntityFrameworkCore.Database.Command - Executed DbCommand (1ms) [Parameters=[], CommandType='Text', CommandTimeout='30']
SELECT COUNT(*)
FROM [Departments] AS [d]
2025-04-16 17:20:26,489 [.NET TP Worker] INFO Microsoft.EntityFrameworkCore.Database.Command - Executed DbCommand (1ms) [Parameters=[], CommandType='Text', CommandTimeout='30']
SELECT [d].[Id], [d].[Name], [e].[Id], [e].[Age], [e].[Department_Id], [e].[Name], [e].[Phone], [e].[Status]
FROM [Departments] AS [d]
LEFT JOIN [Employees] AS [e] ON [d].[Id] = [e].[Department_Id]
ORDER BY [d].[Id]
2025-04-16 17:20:37,781 [.NET TP Worker] INFO Microsoft.EntityFrameworkCore.Database.Command - Executed DbCommand (2ms) [Parameters=[], CommandType='Text', CommandTimeout='30']
SELECT COUNT(*)
FROM [Departments] AS [d]
2025-04-16 17:20:37,789 [.NET TP Worker] INFO Microsoft.EntityFrameworkCore.Database.Command - Executed DbCommand (4ms) [Parameters=[], CommandType='Text', CommandTimeout='30']
SELECT [d].[Id], [d].[Name], [e].[Id], [e].[Age], [e].[Department_Id], [e].[Name], [e].[Phone], [e].[Status]
FROM [Departments] AS [d]
LEFT JOIN [Employees] AS [e] ON [d].[Id] = [e].[Department_Id]
ORDER BY [d].[Id]
2025-04-16 17:20:37,799 [.NET TP Worker] INFO Microsoft.EntityFrameworkCore.Database.Command - Executed DbCommand (1ms) [Parameters=[], CommandType='Text', CommandTimeout='30']
SELECT COUNT(*)
FROM [Departments] AS [d]
2025-04-16 17:20:37,803 [.NET TP Worker] INFO Microsoft.EntityFrameworkCore.Database.Command - Executed DbCommand (1ms) [Parameters=[], CommandType='Text', CommandTimeout='30']
SELECT [d].[Id], [d].[Name], [e].[Id], [e].[Age], [e].[Department_Id], [e].[Name], [e].[Phone], [e].[Status]
FROM [Departments] AS [d]
LEFT JOIN [Employees] AS [e] ON [d].[Id] = [e].[Department_Id]
ORDER BY [d].[Id]
2025-04-16 17:20:43,009 [.NET TP Worker] INFO Microsoft.EntityFrameworkCore.Database.Command - Executed DbCommand (5ms) [Parameters=[], CommandType='Text', CommandTimeout='30']
SELECT COUNT(*)
FROM [Departments] AS [d]
2025-04-16 17:20:43,022 [.NET TP Worker] INFO Microsoft.EntityFrameworkCore.Database.Command - Executed DbCommand (2ms) [Parameters=[], CommandType='Text', CommandTimeout='30']
SELECT [d].[Id], [d].[Name], [e].[Id], [e].[Age], [e].[Department_Id], [e].[Name], [e].[Phone], [e].[Status]
FROM [Departments] AS [d]
LEFT JOIN [Employees] AS [e] ON [d].[Id] = [e].[Department_Id]
ORDER BY [d].[Id]
2025-04-16 17:20:43,031 [.NET TP Worker] INFO Microsoft.EntityFrameworkCore.Database.Command - Executed DbCommand (0ms) [Parameters=[], CommandType='Text', CommandTimeout='30']
SELECT COUNT(*)
FROM [Departments] AS [d]
2025-04-16 17:20:43,041 [.NET TP Worker] INFO Microsoft.EntityFrameworkCore.Database.Command - Executed DbCommand (0ms) [Parameters=[], CommandType='Text', CommandTimeout='30']
SELECT [d].[Id], [d].[Name], [e].[Id], [e].[Age], [e].[Department_Id], [e].[Name], [e].[Phone], [e].[Status]
FROM [Departments] AS [d]
LEFT JOIN [Employees] AS [e] ON [d].[Id] = [e].[Department_Id]
ORDER BY [d].[Id]
2025-04-16 17:33:49,423 [.NET TP Worker] INFO Microsoft.EntityFrameworkCore.Database.Command - Executed DbCommand (58ms) [Parameters=[@p0='?' (Size = 450), @p1='?' (Size = 8000) (DbType = Binary), @p2='?' (Size = 8000) (DbType = Binary)], CommandType='Text', CommandTimeout='30']
SET IMPLICIT_TRANSACTIONS OFF;
SET NOCOUNT ON;
INSERT INTO [Users] ([Username], [HashKey], [Password])
VALUES (@p0, @p1, @p2);
2025-04-16 17:33:49,482 [.NET TP Worker] INFO Microsoft.EntityFrameworkCore.Database.Command - Executed DbCommand (20ms) [Parameters=[@p0='?' (DbType = Int32), @p1='?' (DbType = Int32), @p2='?' (Size = 4000), @p3='?' (Size = 450), @p4='?' (Size = 4000)], CommandType='Text', CommandTimeout='30']
SET IMPLICIT_TRANSACTIONS OFF;
SET NOCOUNT ON;
INSERT INTO [Employees] ([Age], [Department_Id], [Name], [Phone], [Status])
OUTPUT INSERTED.[Id]
VALUES (@p0, @p1, @p2, @p3, @p4);
2025-04-16 17:34:36,523 [.NET TP Worker] ERROR Microsoft.EntityFrameworkCore.Database.Command - Failed executing DbCommand (32ms) [Parameters=[@p0='?' (Size = 450), @p1='?' (Size = 8000) (DbType = Binary), @p2='?' (Size = 8000) (DbType = Binary)], CommandType='Text', CommandTimeout='30']
SET IMPLICIT_TRANSACTIONS OFF;
SET NOCOUNT ON;
INSERT INTO [Users] ([Username], [HashKey], [Password])
VALUES (@p0, @p1, @p2);
2025-04-16 17:34:36,749 [.NET TP Worker] ERROR Microsoft.EntityFrameworkCore.Update - An exception occurred in the database while saving changes for context type 'FirstAPI.Contexts.EmployeeManagementContext'.
Microsoft.EntityFrameworkCore.DbUpdateException: An error occurred while saving the entity changes. See the inner exception for details.
 ---> Microsoft.Data.SqlClient.SqlException (0x80131904): Violation of PRIMARY KEY constraint 'PK_Users'. Cannot insert duplicate key in object 'dbo.Users'. The duplicate key value is (8811772233).
The statement has been terminated.
   at Microsoft.Data.SqlClient.SqlCommand.<>c.<ExecuteDbDataReaderAsync>b__211_0(Task`1 result)
   at System.Threading.Tasks.ContinuationResultTaskFromResultTask`2.InnerInvoke()
   at System.Threading.ExecutionContext.RunInternal(ExecutionContext executionContext, ContextCallback callback, Object state)
--- End of stack trace from previous location ---
   at System.Threading.ExecutionContext.RunInternal(ExecutionContext executionContext, ContextCallback callback, Object state)
   at System.Threading.Tasks.Task.ExecuteWithThreadLocal(Task& currentTaskSlot, Thread threadPoolThread)
--- End of stack trace from previous location ---
   at Microsoft.EntityFrameworkCore.Storage.RelationalCommand.ExecuteReaderAsync(RelationalCommandParameterObject parameterObject, CancellationToken cancellationToken)
   at Microsoft.EntityFrameworkCore.Storage.RelationalCommand.ExecuteReaderAsync(RelationalCommandParameterObject parameterObject, CancellationToken cancellationToken)
   at Microsoft.EntityFrameworkCore.Update.ReaderModificationCommandBatch.ExecuteAsync(IRelationalConnection connection, CancellationToken cancellationToken)
ClientConnectionId:2a8c5b5f-df1e-4789-9f2e-1115019417e0
Error Number:2627,State:1,Class:14
   --- End of inner exception stack trace ---
   at Microsoft.EntityFrameworkCore.Update.ReaderModificationCommandBatch.ExecuteAsync(IRelationalConnection connection, CancellationToken cancellationToken)
   at Microsoft.EntityFrameworkCore.SqlServer.Update.Internal.SqlServerModificationCommandBatch.ExecuteAsync(IRelationalConnection connection, CancellationToken cancellationToken)
   at Microsoft.EntityFrameworkCore.Update.Internal.BatchExecutor.ExecuteAsync(IEnumerable`1 commandBatches, IRelationalConnection connection, CancellationToken cancellationToken)
   at Microsoft.EntityFrameworkCore.Update.Internal.BatchExecutor.ExecuteAsync(IEnumerable`1 commandBatches, IRelationalConnection connection, CancellationToken cancellationToken)
   at Microsoft.EntityFrameworkCore.Update.Internal.BatchExecutor.ExecuteAsync(IEnumerable`1 commandBatches, IRelationalConnection connection, CancellationToken cancellationToken)
   at Microsoft.EntityFrameworkCore.ChangeTracking.Internal.StateManager.SaveChangesAsync(IList`1 entriesToSave, CancellationToken cancellationToken)
   at Microsoft.EntityFrameworkCore.ChangeTracking.Internal.StateManager.SaveChangesAsync(StateManager stateManager, Boolean acceptAllChangesOnSuccess, CancellationToken cancellationToken)
   at Microsoft.EntityFrameworkCore.SqlServer.Storage.Internal.SqlServerExecutionStrategy.ExecuteAsync[TState,TResult](TState state, Func`4 operation, Func`4 verifySucceeded, CancellationToken cancellationToken)
   at Microsoft.EntityFrameworkCore.DbContext.SaveChangesAsync(Boolean acceptAllChangesOnSuccess, CancellationToken cancellationToken)
Microsoft.EntityFrameworkCore.DbUpdateException: An error occurred while saving the entity changes. See the inner exception for details.
 ---> Microsoft.Data.SqlClient.SqlException (0x80131904): Violation of PRIMARY KEY constraint 'PK_Users'. Cannot insert duplicate key in object 'dbo.Users'. The duplicate key value is (8811772233).
The statement has been terminated.
   at Microsoft.Data.SqlClient.SqlCommand.<>c.<ExecuteDbDataReaderAsync>b__211_0(Task`1 result)
   at System.Threading.Tasks.ContinuationResultTaskFromResultTask`2.InnerInvoke()
   at System.Threading.ExecutionContext.RunInternal(ExecutionContext executionContext, ContextCallback callback, Object state)
--- End of stack trace from previous location ---
   at System.Threading.ExecutionContext.RunInternal(ExecutionContext executionContext, ContextCallback callback, Object state)
   at System.Threading.Tasks.Task.ExecuteWithThreadLocal(Task& currentTaskSlot, Thread threadPoolThread)
--- End of stack trace from previous location ---
   at Microsoft.EntityFrameworkCore.Storage.RelationalCommand.ExecuteReaderAsync(RelationalCommandParameterObject parameterObject, CancellationToken cancellationToken)
   at Microsoft.EntityFrameworkCore.Storage.RelationalCommand.ExecuteReaderAsync(RelationalCommandParameterObject parameterObject, CancellationToken cancellationToken)
   at Microsoft.EntityFrameworkCore.Update.ReaderModificationCommandBatch.ExecuteAsync(IRelationalConnection connection, CancellationToken cancellationToken)
ClientConnectionId:2a8c5b5f-df1e-4789-9f2e-1115019417e0
Error Number:2627,State:1,Class:14
   --- End of inner exception stack trace ---
   at Microsoft.EntityFrameworkCore.Update.ReaderModificationCommandBatch.ExecuteAsync(IRelationalConnection connection, CancellationToken cancellationToken)
   at Microsoft.EntityFrameworkCore.SqlServer.Update.Internal.SqlServerModificationCommandBatch.ExecuteAsync(IRelationalConnection connection, CancellationToken cancellationToken)
   at Microsoft.EntityFrameworkCore.Update.Internal.BatchExecutor.ExecuteAsync(IEnumerable`1 commandBatches, IRelationalConnection connection, CancellationToken cancellationToken)
   at Microsoft.EntityFrameworkCore.Update.Internal.BatchExecutor.ExecuteAsync(IEnumerable`1 commandBatches, IRelationalConnection connection, CancellationToken cancellationToken)
   at Microsoft.EntityFrameworkCore.Update.Internal.BatchExecutor.ExecuteAsync(IEnumerable`1 commandBatches, IRelationalConnection connection, CancellationToken cancellationToken)
   at Microsoft.EntityFrameworkCore.ChangeTracking.Internal.StateManager.SaveChangesAsync(IList`1 entriesToSave, CancellationToken cancellationToken)
   at Microsoft.EntityFrameworkCore.ChangeTracking.Internal.StateManager.SaveChangesAsync(StateManager stateManager, Boolean acceptAllChangesOnSuccess, CancellationToken cancellationToken)
   at Microsoft.EntityFrameworkCore.SqlServer.Storage.Internal.SqlServerExecutionStrategy.ExecuteAsync[TState,TResult](TState state, Func`4 operation, Func`4 verifySucceeded, CancellationToken cancellationToken)
   at Microsoft.EntityFrameworkCore.DbContext.SaveChangesAsync(Boolean acceptAllChangesOnSuccess, CancellationToken cancellationToken)
2025-04-16 17:34:52,370 [1] INFO Microsoft.Hosting.Lifetime - Application started. Press Ctrl+C to shut down.
2025-04-16 17:34:52,402 [1] INFO Microsoft.Hosting.Lifetime - Hosting environment: Development
2025-04-16 17:34:52,404 [1] INFO Microsoft.Hosting.Lifetime - Content root path: D:\Corp\Giosys\Hexaware\17March2025\Participants\Day11\FirstAPISolution\FirstAPI
2025-04-16 17:35:26,656 [.NET TP Worker] INFO Microsoft.EntityFrameworkCore.Database.Command - Executed DbCommand (44ms) [Parameters=[@p0='?' (Size = 450), @p1='?' (Size = 8000) (DbType = Binary), @p2='?' (Size = 8000) (DbType = Binary)], CommandType='Text', CommandTimeout='30']
SET IMPLICIT_TRANSACTIONS OFF;
SET NOCOUNT ON;
INSERT INTO [Users] ([Username], [HashKey], [Password])
VALUES (@p0, @p1, @p2);
2025-04-16 17:35:48,331 [.NET TP Worker] INFO Microsoft.EntityFrameworkCore.Database.Command - Executed DbCommand (33ms) [Parameters=[@p0='?' (DbType = Int32), @p1='?' (DbType = Int32), @p2='?' (Size = 4000), @p3='?' (Size = 450), @p4='?' (Size = 4000)], CommandType='Text', CommandTimeout='30']
SET IMPLICIT_TRANSACTIONS OFF;
SET NOCOUNT ON;
INSERT INTO [Employees] ([Age], [Department_Id], [Name], [Phone], [Status])
OUTPUT INSERTED.[Id]
VALUES (@p0, @p1, @p2, @p3, @p4);
